<?xml version="1.0" encoding="UTF-8"?>
<!-- Generated by org.testng.reporters.JUnitReportReporter -->
<testsuite hostname="Akshay-Udhane" failures="1" tests="4" name="tests.ComprehensiveMasterNavigationTest" time="634.642" errors="0" timestamp="2025-10-10T11:58:15 IST" skipped="0">
  <testcase classname="tests.ComprehensiveMasterNavigationTest" name="testComprehensiveMasterNavigationAndAutomation" time="167.824"/>
  <system-out/>
  <testcase classname="tests.ComprehensiveMasterNavigationTest" name="testQuickMasterPagesNavigation" time="5.335"/>
  <system-out/>
  <testcase classname="tests.ComprehensiveMasterNavigationTest" name="testStatusChangeModalFunctionality" time="361.785"/>
  <system-out/>
  <testcase classname="tests.ComprehensiveMasterNavigationTest" name="testMasterShiftsDetailsAutomation" time="99.698">
    <failure message="Failed to click Create button - tried multiple XPaths expected [true] but found [false]" type="java.lang.AssertionError">
      <![CDATA[java.lang.AssertionError: Failed to click Create button - tried multiple XPaths expected [true] but found [false]
at org.testng.Assert.fail(Assert.java:99)
at org.testng.Assert.failNotEquals(Assert.java:1037)
at org.testng.Assert.assertTrue(Assert.java:45)
at tests.ComprehensiveMasterNavigationTest.testMasterShiftsDetailsAutomation(ComprehensiveMasterNavigationTest.java:685)
at java.base/jdk.internal.reflect.NativeMethodAccessorImpl.invoke0(Native Method)
at java.base/jdk.internal.reflect.NativeMethodAccessorImpl.invoke(NativeMethodAccessorImpl.java:77)
at java.base/jdk.internal.reflect.DelegatingMethodAccessorImpl.invoke(DelegatingMethodAccessorImpl.java:43)
at java.base/java.lang.reflect.Method.invoke(Method.java:568)
at org.testng.internal.MethodInvocationHelper.invokeMethod(MethodInvocationHelper.java:133)
at org.testng.internal.TestInvoker.invokeMethod(TestInvoker.java:598)
at org.testng.internal.TestInvoker.invokeTestMethod(TestInvoker.java:173)
at org.testng.internal.MethodRunner.runInSequence(MethodRunner.java:46)
at org.testng.internal.TestInvoker$MethodInvocationAgent.invoke(TestInvoker.java:824)
at org.testng.internal.TestInvoker.invokeTestMethods(TestInvoker.java:146)
at org.testng.internal.TestMethodWorker.invokeTestMethods(TestMethodWorker.java:146)
at org.testng.internal.TestMethodWorker.run(TestMethodWorker.java:128)
at java.base/java.util.concurrent.ThreadPoolExecutor.runWorker(ThreadPoolExecutor.java:1136)
at java.base/java.util.concurrent.ThreadPoolExecutor$Worker.run(ThreadPoolExecutor.java:635)
at java.base/java.lang.Thread.run(Thread.java:833)
]]>
    </failure>
  </testcase> <!-- testMasterShiftsDetailsAutomation -->
  <system-out/>
</testsuite> <!-- tests.ComprehensiveMasterNavigationTest -->
