<?xml version="1.0" encoding="UTF-8"?>
<!-- Generated by org.testng.reporters.JUnitReportReporter -->
<testsuite hostname="Akshay-Udhane" failures="0" tests="18" name="tests.MasterProductVariantTest" time="0.002" errors="3" timestamp="2025-10-10T11:58:15 IST" skipped="15">
  <testcase classname="tests.MasterProductVariantTest" name="setUpClass" time="0.001">
    <error message="Cannot invoke &quot;config.ConfigManager.getProperty(String, String)&quot; because &quot;this.config&quot; is null" type="java.lang.NullPointerException">
      <![CDATA[java.lang.NullPointerException: Cannot invoke "config.ConfigManager.getProperty(String, String)" because "this.config" is null
at tests.MasterProductVariantTest.setUpClass(MasterProductVariantTest.java:26)
at java.base/jdk.internal.reflect.NativeMethodAccessorImpl.invoke0(Native Method)
at java.base/jdk.internal.reflect.NativeMethodAccessorImpl.invoke(NativeMethodAccessorImpl.java:77)
at java.base/jdk.internal.reflect.DelegatingMethodAccessorImpl.invoke(DelegatingMethodAccessorImpl.java:43)
at java.base/java.lang.reflect.Method.invoke(Method.java:568)
at org.testng.internal.MethodInvocationHelper.invokeMethod(MethodInvocationHelper.java:133)
at org.testng.internal.MethodInvocationHelper.invokeMethodConsideringTimeout(MethodInvocationHelper.java:62)
at org.testng.internal.ConfigInvoker.invokeConfigurationMethod(ConfigInvoker.java:385)
at org.testng.internal.ConfigInvoker.invokeConfigurations(ConfigInvoker.java:321)
at org.testng.internal.TestMethodWorker.invokeBeforeClassMethods(TestMethodWorker.java:176)
at org.testng.internal.TestMethodWorker.run(TestMethodWorker.java:122)
at java.base/java.util.concurrent.ThreadPoolExecutor.runWorker(ThreadPoolExecutor.java:1136)
at java.base/java.util.concurrent.ThreadPoolExecutor$Worker.run(ThreadPoolExecutor.java:635)
at java.base/java.lang.Thread.run(Thread.java:833)
]]>
    </error>
  </testcase> <!-- setUpClass -->
  <system-out/>
  <testcase classname="tests.MasterProductVariantTest" name="setUpClass" time="0.000">
    <error message="Cannot invoke &quot;config.ConfigManager.getProperty(String, String)&quot; because &quot;this.config&quot; is null" type="java.lang.NullPointerException">
      <![CDATA[java.lang.NullPointerException: Cannot invoke "config.ConfigManager.getProperty(String, String)" because "this.config" is null
at tests.MasterProductVariantTest.setUpClass(MasterProductVariantTest.java:26)
at java.base/jdk.internal.reflect.NativeMethodAccessorImpl.invoke0(Native Method)
at java.base/jdk.internal.reflect.NativeMethodAccessorImpl.invoke(NativeMethodAccessorImpl.java:77)
at java.base/jdk.internal.reflect.DelegatingMethodAccessorImpl.invoke(DelegatingMethodAccessorImpl.java:43)
at java.base/java.lang.reflect.Method.invoke(Method.java:568)
at org.testng.internal.MethodInvocationHelper.invokeMethod(MethodInvocationHelper.java:133)
at org.testng.internal.MethodInvocationHelper.invokeMethodConsideringTimeout(MethodInvocationHelper.java:62)
at org.testng.internal.ConfigInvoker.invokeConfigurationMethod(ConfigInvoker.java:385)
at org.testng.internal.ConfigInvoker.invokeConfigurations(ConfigInvoker.java:321)
at org.testng.internal.TestMethodWorker.invokeBeforeClassMethods(TestMethodWorker.java:176)
at org.testng.internal.TestMethodWorker.run(TestMethodWorker.java:122)
at java.base/java.util.concurrent.ThreadPoolExecutor.runWorker(ThreadPoolExecutor.java:1136)
at java.base/java.util.concurrent.ThreadPoolExecutor$Worker.run(ThreadPoolExecutor.java:635)
at java.base/java.lang.Thread.run(Thread.java:833)
]]>
    </error>
  </testcase> <!-- setUpClass -->
  <system-out/>
  <testcase classname="tests.MasterProductVariantTest" name="setUpClass" time="0.001">
    <error message="Cannot invoke &quot;config.ConfigManager.getProperty(String, String)&quot; because &quot;this.config&quot; is null" type="java.lang.NullPointerException">
      <![CDATA[java.lang.NullPointerException: Cannot invoke "config.ConfigManager.getProperty(String, String)" because "this.config" is null
at tests.MasterProductVariantTest.setUpClass(MasterProductVariantTest.java:26)
at java.base/jdk.internal.reflect.NativeMethodAccessorImpl.invoke0(Native Method)
at java.base/jdk.internal.reflect.NativeMethodAccessorImpl.invoke(NativeMethodAccessorImpl.java:77)
at java.base/jdk.internal.reflect.DelegatingMethodAccessorImpl.invoke(DelegatingMethodAccessorImpl.java:43)
at java.base/java.lang.reflect.Method.invoke(Method.java:568)
at org.testng.internal.MethodInvocationHelper.invokeMethod(MethodInvocationHelper.java:133)
at org.testng.internal.MethodInvocationHelper.invokeMethodConsideringTimeout(MethodInvocationHelper.java:62)
at org.testng.internal.ConfigInvoker.invokeConfigurationMethod(ConfigInvoker.java:385)
at org.testng.internal.ConfigInvoker.invokeConfigurations(ConfigInvoker.java:321)
at org.testng.internal.TestMethodWorker.invokeBeforeClassMethods(TestMethodWorker.java:176)
at org.testng.internal.TestMethodWorker.run(TestMethodWorker.java:122)
at java.base/java.util.concurrent.ThreadPoolExecutor.runWorker(ThreadPoolExecutor.java:1136)
at java.base/java.util.concurrent.ThreadPoolExecutor$Worker.run(ThreadPoolExecutor.java:635)
at java.base/java.lang.Thread.run(Thread.java:833)
]]>
    </error>
  </testcase> <!-- setUpClass -->
  <system-out/>
  <testcase classname="tests.MasterProductVariantTest" name="testNavigateToMasterProductVariantDetails" time="0.000">
    <skipped/>
  </testcase> <!-- testNavigateToMasterProductVariantDetails -->
  <system-out/>
  <testcase classname="tests.MasterProductVariantTest" name="testNavigateToMasterProductVariantDetails" time="0.000">
    <skipped/>
  </testcase> <!-- testNavigateToMasterProductVariantDetails -->
  <system-out/>
  <testcase classname="tests.MasterProductVariantTest" name="testNavigateToMasterProductVariantDetails" time="0.000">
    <skipped/>
  </testcase> <!-- testNavigateToMasterProductVariantDetails -->
  <system-out/>
  <testcase classname="tests.MasterProductVariantTest" name="testCreateButtonFunctionality" time="0.000">
    <skipped/>
  </testcase> <!-- testCreateButtonFunctionality -->
  <system-out/>
  <testcase classname="tests.MasterProductVariantTest" name="testCreateButtonFunctionality" time="0.000">
    <skipped/>
  </testcase> <!-- testCreateButtonFunctionality -->
  <system-out/>
  <testcase classname="tests.MasterProductVariantTest" name="testCreateButtonFunctionality" time="0.000">
    <skipped/>
  </testcase> <!-- testCreateButtonFunctionality -->
  <system-out/>
  <testcase classname="tests.MasterProductVariantTest" name="testSuccessfulProductVariantCreation" time="0.000">
    <skipped/>
  </testcase> <!-- testSuccessfulProductVariantCreation -->
  <system-out/>
  <testcase classname="tests.MasterProductVariantTest" name="testSuccessfulProductVariantCreation" time="0.000">
    <skipped/>
  </testcase> <!-- testSuccessfulProductVariantCreation -->
  <system-out/>
  <testcase classname="tests.MasterProductVariantTest" name="testSuccessfulProductVariantCreation" time="0.000">
    <skipped/>
  </testcase> <!-- testSuccessfulProductVariantCreation -->
  <system-out/>
  <testcase classname="tests.MasterProductVariantTest" name="testProductVariantCodeValidation" time="0.000">
    <skipped/>
  </testcase> <!-- testProductVariantCodeValidation -->
  <system-out/>
  <testcase classname="tests.MasterProductVariantTest" name="testProductVariantCodeValidation" time="0.000">
    <skipped/>
  </testcase> <!-- testProductVariantCodeValidation -->
  <system-out/>
  <testcase classname="tests.MasterProductVariantTest" name="testFormValidationWithInvalidData" time="0.000">
    <skipped/>
  </testcase> <!-- testFormValidationWithInvalidData -->
  <system-out/>
  <testcase classname="tests.MasterProductVariantTest" name="testFormValidationWithInvalidData" time="0.000">
    <skipped/>
  </testcase> <!-- testFormValidationWithInvalidData -->
  <system-out/>
  <testcase classname="tests.MasterProductVariantTest" name="testFormValidationWithInvalidData" time="0.000">
    <skipped/>
  </testcase> <!-- testFormValidationWithInvalidData -->
  <system-out/>
  <testcase classname="tests.MasterProductVariantTest" name="testFormValidationWithInvalidData" time="0.000">
    <skipped/>
  </testcase> <!-- testFormValidationWithInvalidData -->
  <system-out/>
</testsuite> <!-- tests.MasterProductVariantTest -->
