<?xml version="1.0" encoding="UTF-8"?>
<!-- Generated by org.testng.reporters.JUnitXMLReporter -->
<testsuite ignored="0" hostname="Akshay-Udhane" failures="4" tests="4" name="API Tests" time="4.916" errors="0" timestamp="2025-08-22T15:26:47 IST">
  <testcase classname="tests.ApiTestExecutor" name="testKafkaHasChanged" time="0.022">
    <failure type="java.lang.AssertionError" message="expected [200] but found [404]">
      <![CDATA[java.lang.AssertionError: expected [200] but found [404]
at tests.ApiTestExecutor.testKafkaHasChanged(ApiTestExecutor.java:40)
at java.base/java.util.ArrayList.forEach(ArrayList.java:1511)
... Removed 33 stack frames]]>
    </failure>
  </testcase> <!-- testKafkaHasChanged -->
  <testcase classname="tests.ApiTestExecutor" name="testKafkaProcessBrowseData" time="0.004">
    <failure type="java.lang.AssertionError" message="expected [200] but found [404]">
      <![CDATA[java.lang.AssertionError: expected [200] but found [404]
at tests.ApiTestExecutor.testKafkaProcessBrowseData(ApiTestExecutor.java:31)
at java.base/java.util.ArrayList.forEach(ArrayList.java:1511)
... Removed 33 stack frames]]>
    </failure>
  </testcase> <!-- testKafkaProcessBrowseData -->
  <testcase classname="tests.ApiTestExecutor" name="testOpcUaConvertDataValue" time="0.003">
    <failure type="java.lang.AssertionError" message="expected [200] but found [404]">
      <![CDATA[java.lang.AssertionError: expected [200] but found [404]
at tests.ApiTestExecutor.testOpcUaConvertDataValue(ApiTestExecutor.java:52)
at java.base/java.util.ArrayList.forEach(ArrayList.java:1511)
... Removed 33 stack frames]]>
    </failure>
  </testcase> <!-- testOpcUaConvertDataValue -->
  <testcase classname="tests.ApiTestExecutor" name="testOpcUaConvertValue" time="0.002">
    <failure type="java.lang.AssertionError" message="expected [200] but found [404]">
      <![CDATA[java.lang.AssertionError: expected [200] but found [404]
at tests.ApiTestExecutor.testOpcUaConvertValue(ApiTestExecutor.java:46)
at java.base/java.util.ArrayList.forEach(ArrayList.java:1511)
... Removed 33 stack frames]]>
    </failure>
  </testcase> <!-- testOpcUaConvertValue -->
</testsuite> <!-- API Tests -->
