{"uuid":"8efc3c13-ccfa-444f-b830-b8d02001f551","historyId":"dbe9b516319cdfa2be0ee9de50e6e129","fullName":"tests.ApiTestExecutor.testOpcConnectionStatus","labels":[{"name":"package","value":"tests.ApiTestExecutor"},{"name":"testClass","value":"tests.ApiTestExecutor"},{"name":"testMethod","value":"testOpcConnectionStatus"},{"name":"parentSuite","value":"Surefire suite"},{"name":"suite","value":"Surefire test"},{"name":"subSuite","value":"tests.ApiTestExecutor"},{"name":"host","value":"Akshay-Udhane"},{"name":"thread","value":"4436@Akshay-Udhane.main(1)"},{"name":"framework","value":"testng"},{"name":"language","value":"java"}],"links":[],"name":"testOpcConnectionStatus","status":"broken","statusDetails":{"known":false,"muted":false,"flaky":false,"message":"Error {\n  message='connect ECONNREFUSED ::1:8081\n  name='Error\n  stack='Error: connect ECONNREFUSED ::1:8081\n    at TCPConnectWrap.afterConnect [as oncomplete] (node:net:1610:16)\n}\nCall log:\n-   - → GET http://localhost:8081/api/connection/status\n-     - user-agent: Playwright/1.49.0 (x64; windows 10.0) java/17\n-     - accept: */*\n-     - accept-encoding: gzip,deflate,br\n","trace":"com.microsoft.playwright.PlaywrightException: Error {\n  message='connect ECONNREFUSED ::1:8081\n  name='Error\n  stack='Error: connect ECONNREFUSED ::1:8081\n    at TCPConnectWrap.afterConnect [as oncomplete] (node:net:1610:16)\n}\nCall log:\n-   - → GET http://localhost:8081/api/connection/status\n-     - user-agent: Playwright/1.49.0 (x64; windows 10.0) java/17\n-     - accept: */*\n-     - accept-encoding: gzip,deflate,br\n\r\n\tat com.microsoft.playwright.impl.WaitableResult.get(WaitableResult.java:56)\r\n\tat com.microsoft.playwright.impl.ChannelOwner.runUntil(ChannelOwner.java:132)\r\n\tat com.microsoft.playwright.impl.Connection.sendMessage(Connection.java:130)\r\n\tat com.microsoft.playwright.impl.ChannelOwner.sendMessage(ChannelOwner.java:118)\r\n\tat com.microsoft.playwright.impl.APIRequestContextImpl.fetchImpl(APIRequestContextImpl.java:156)\r\n\tat com.microsoft.playwright.impl.APIRequestContextImpl.lambda$fetch$1(APIRequestContextImpl.java:68)\r\n\tat com.microsoft.playwright.impl.LoggingSupport.withLogging(LoggingSupport.java:47)\r\n\tat com.microsoft.playwright.impl.ChannelOwner.withLogging(ChannelOwner.java:97)\r\n\tat com.microsoft.playwright.impl.APIRequestContextImpl.fetch(APIRequestContextImpl.java:68)\r\n\tat com.microsoft.playwright.impl.APIRequestContextImpl.get(APIRequestContextImpl.java:197)\r\n\tat com.microsoft.playwright.APIRequestContext.get(APIRequestContext.java:281)\r\n\tat tests.ApiTestExecutor.testOpcConnectionStatus(ApiTestExecutor.java:39)\r\n\tat java.base/jdk.internal.reflect.NativeMethodAccessorImpl.invoke0(Native Method)\r\n\tat java.base/jdk.internal.reflect.NativeMethodAccessorImpl.invoke(NativeMethodAccessorImpl.java:77)\r\n\tat java.base/jdk.internal.reflect.DelegatingMethodAccessorImpl.invoke(DelegatingMethodAccessorImpl.java:43)\r\n\tat java.base/java.lang.reflect.Method.invoke(Method.java:568)\r\n\tat org.testng.internal.invokers.MethodInvocationHelper.invokeMethod(MethodInvocationHelper.java:139)\r\n\tat org.testng.internal.invokers.TestInvoker.invokeMethod(TestInvoker.java:664)\r\n\tat org.testng.internal.invokers.TestInvoker.invokeTestMethod(TestInvoker.java:228)\r\n\tat org.testng.internal.invokers.MethodRunner.runInSequence(MethodRunner.java:63)\r\n\tat org.testng.internal.invokers.TestInvoker$MethodInvocationAgent.invoke(TestInvoker.java:961)\r\n\tat org.testng.internal.invokers.TestInvoker.invokeTestMethods(TestInvoker.java:201)\r\n\tat org.testng.internal.invokers.TestMethodWorker.invokeTestMethods(TestMethodWorker.java:148)\r\n\tat org.testng.internal.invokers.TestMethodWorker.run(TestMethodWorker.java:128)\r\n\tat java.base/java.util.ArrayList.forEach(ArrayList.java:1511)\r\n\tat org.testng.TestRunner.privateRun(TestRunner.java:819)\r\n\tat org.testng.TestRunner.run(TestRunner.java:619)\r\n\tat org.testng.SuiteRunner.runTest(SuiteRunner.java:443)\r\n\tat org.testng.SuiteRunner.runSequentially(SuiteRunner.java:437)\r\n\tat org.testng.SuiteRunner.privateRun(SuiteRunner.java:397)\r\n\tat org.testng.SuiteRunner.run(SuiteRunner.java:336)\r\n\tat org.testng.SuiteRunnerWorker.runSuite(SuiteRunnerWorker.java:52)\r\n\tat org.testng.SuiteRunnerWorker.run(SuiteRunnerWorker.java:95)\r\n\tat org.testng.TestNG.runSuitesSequentially(TestNG.java:1301)\r\n\tat org.testng.TestNG.runSuitesLocally(TestNG.java:1228)\r\n\tat org.testng.TestNG.runSuites(TestNG.java:1134)\r\n\tat org.testng.TestNG.run(TestNG.java:1101)\r\n\tat org.apache.maven.surefire.testng.TestNGExecutor.run(TestNGExecutor.java:155)\r\n\tat org.apache.maven.surefire.testng.TestNGDirectoryTestSuite.executeSingleClass(TestNGDirectoryTestSuite.java:102)\r\n\tat org.apache.maven.surefire.testng.TestNGDirectoryTestSuite.execute(TestNGDirectoryTestSuite.java:91)\r\n\tat org.apache.maven.surefire.testng.TestNGProvider.invoke(TestNGProvider.java:137)\r\n\tat org.apache.maven.surefire.booter.ForkedBooter.runSuitesInProcess(ForkedBooter.java:385)\r\n\tat org.apache.maven.surefire.booter.ForkedBooter.execute(ForkedBooter.java:162)\r\n\tat org.apache.maven.surefire.booter.ForkedBooter.run(ForkedBooter.java:507)\r\n\tat org.apache.maven.surefire.booter.ForkedBooter.main(ForkedBooter.java:495)\r\nCaused by: com.microsoft.playwright.impl.DriverException: Error {\n  message='connect ECONNREFUSED ::1:8081\n  name='Error\n  stack='Error: connect ECONNREFUSED ::1:8081\n    at TCPConnectWrap.afterConnect [as oncomplete] (node:net:1610:16)\n}\nCall log:\n-   - → GET http://localhost:8081/api/connection/status\n-     - user-agent: Playwright/1.49.0 (x64; windows 10.0) java/17\n-     - accept: */*\n-     - accept-encoding: gzip,deflate,br\n\r\n\tat com.microsoft.playwright.impl.Connection.dispatch(Connection.java:259)\r\n\tat com.microsoft.playwright.impl.Connection.processOneMessage(Connection.java:211)\r\n\tat com.microsoft.playwright.impl.ChannelOwner.runUntil(ChannelOwner.java:130)\r\n\t... 43 more\r\n"},"stage":"finished","steps":[],"attachments":[],"parameters":[],"start":1759214858111,"stop":1759214858473}