<?xml version="1.0" encoding="UTF-8"?>
<!-- Generated by org.testng.reporters.JUnitXMLReporter -->
<testsuite ignored="0" hostname="Akshay-Udhane" failures="1" tests="4" name="Comprehensive Master Navigation Tests" time="637.645" errors="0" timestamp="2025-10-10T11:58:14 IST">
  <testcase classname="tests.ComprehensiveMasterNavigationTest" name="testComprehensiveMasterNavigationAndAutomation" time="167.822"/>
  <testcase classname="tests.ComprehensiveMasterNavigationTest" name="testQuickMasterPagesNavigation" time="5.333"/>
  <testcase classname="tests.ComprehensiveMasterNavigationTest" name="testStatusChangeModalFunctionality" time="361.784"/>
  <testcase classname="tests.ComprehensiveMasterNavigationTest" name="testMasterShiftsDetailsAutomation" time="97.08">
    <failure type="java.lang.AssertionError" message="Failed to click Create button - tried multiple XPaths expected [true] but found [false]">
      <![CDATA[java.lang.AssertionError: Failed to click Create button - tried multiple XPaths expected [true] but found [false]
at tests.ComprehensiveMasterNavigationTest.testMasterShiftsDetailsAutomation(ComprehensiveMasterNavigationTest.java:685)
at java.base/java.util.concurrent.ThreadPoolExecutor.runWorker(ThreadPoolExecutor.java:1136)
at java.base/java.util.concurrent.ThreadPoolExecutor$Worker.run(ThreadPoolExecutor.java:635)
at java.base/java.lang.Thread.run(Thread.java:833)
... Removed 15 stack frames]]>
    </failure>
  </testcase> <!-- testMasterShiftsDetailsAutomation -->
</testsuite> <!-- Comprehensive Master Navigation Tests -->
