<?xml version="1.0" encoding="UTF-8"?>
<!-- Generated by org.testng.reporters.JUnitXMLReporter -->
<testsuite ignored="8" hostname="Akshay-Udhane" failures="0" tests="3" name="Smoke Tests" time="0.026" errors="0" timestamp="2025-10-10T12:49:20 IST">
  <testcase classname="tests.MasterProductVariantTest" name="@BeforeClass setUpClass" time="0.001">
    <failure type="java.lang.NullPointerException" message="Cannot invoke &amp;quot;config.ConfigManager.getProperty(String, String)&amp;quot; because &amp;quot;this.config&amp;quot; is null">
      <![CDATA[java.lang.NullPointerException: Cannot invoke "config.ConfigManager.getProperty(String, String)" because "this.config" is null
at tests.MasterProductVariantTest.setUpClass(MasterProductVariantTest.java:26)
at java.base/java.util.concurrent.ThreadPoolExecutor.runWorker(ThreadPoolExecutor.java:1136)
at java.base/java.util.concurrent.ThreadPoolExecutor$Worker.run(ThreadPoolExecutor.java:635)
at java.base/java.lang.Thread.run(Thread.java:833)
... Removed 10 stack frames]]>
    </failure>
  </testcase> <!-- @BeforeClass setUpClass -->
  <testcase classname="base.BaseTest" name="@BeforeMethod setUp" time="-1.760080760374E9">
    <skipped/>
  </testcase> <!-- @BeforeMethod setUp -->
  <testcase classname="tests.MasterProductVariantTest" name="@BeforeMethod setUpTest" time="-1.760080760375E9">
    <skipped/>
  </testcase> <!-- @BeforeMethod setUpTest -->
  <testcase classname="tests.MasterProductVariantTest" name="@AfterMethod tearDownTest" time="-1.760080760379E9">
    <skipped/>
  </testcase> <!-- @AfterMethod tearDownTest -->
  <testcase classname="base.BaseTest" name="@AfterMethod tearDown" time="-1.760080760381E9">
    <skipped/>
  </testcase> <!-- @AfterMethod tearDown -->
  <testcase classname="base.BaseTest" name="@BeforeMethod setUp" time="-1.760080760382E9">
    <skipped/>
  </testcase> <!-- @BeforeMethod setUp -->
  <testcase classname="tests.MasterProductVariantTest" name="@BeforeMethod setUpTest" time="-1.760080760383E9">
    <skipped/>
  </testcase> <!-- @BeforeMethod setUpTest -->
  <testcase classname="tests.MasterProductVariantTest" name="@AfterMethod tearDownTest" time="-1.760080760386E9">
    <skipped/>
  </testcase> <!-- @AfterMethod tearDownTest -->
  <testcase classname="base.BaseTest" name="@AfterMethod tearDown" time="-1.760080760387E9">
    <skipped/>
  </testcase> <!-- @AfterMethod tearDown -->
  <testcase classname="base.BaseTest" name="@BeforeMethod setUp" time="-1.760080760388E9">
    <skipped/>
  </testcase> <!-- @BeforeMethod setUp -->
  <testcase classname="tests.MasterProductVariantTest" name="@BeforeMethod setUpTest" time="-1.76008076039E9">
    <skipped/>
  </testcase> <!-- @BeforeMethod setUpTest -->
  <testcase classname="tests.MasterProductVariantTest" name="@AfterMethod tearDownTest" time="-1.760080760393E9">
    <skipped/>
  </testcase> <!-- @AfterMethod tearDownTest -->
  <testcase classname="base.BaseTest" name="@AfterMethod tearDown" time="-1.760080760394E9">
    <skipped/>
  </testcase> <!-- @AfterMethod tearDown -->
  <testcase classname="tests.MasterProductVariantTest" name="testNavigateToMasterProductVariantDetails" time="0.0">
    <skipped/>
  </testcase> <!-- testNavigateToMasterProductVariantDetails -->
  <testcase classname="tests.MasterProductVariantTest" name="testCreateButtonFunctionality" time="0.0">
    <skipped/>
  </testcase> <!-- testCreateButtonFunctionality -->
  <testcase classname="tests.MasterProductVariantTest" name="testSuccessfulProductVariantCreation" time="0.0">
    <skipped/>
  </testcase> <!-- testSuccessfulProductVariantCreation -->
  <testcase classname="tests.MasterProductVariantTest" name="testEditButtonFunctionality" time="0.0">
    <ignored/>
  </testcase> <!-- testEditButtonFunctionality -->
  <testcase classname="tests.MasterProductVariantTest" name="testNavigationFlowToMasterProductVariantDetails" time="0.0">
    <ignored/>
  </testcase> <!-- testNavigationFlowToMasterProductVariantDetails -->
  <testcase classname="tests.MasterProductVariantTest" name="testCompleteWorkflowStepByStep" time="0.0">
    <ignored/>
  </testcase> <!-- testCompleteWorkflowStepByStep -->
  <testcase classname="tests.MasterProductVariantTest" name="testCompleteWorkflowWithAllActions" time="0.0">
    <ignored/>
  </testcase> <!-- testCompleteWorkflowWithAllActions -->
  <testcase classname="tests.MasterProductVariantTest" name="testProductVariantCodeValidation" time="0.0">
    <ignored/>
  </testcase> <!-- testProductVariantCodeValidation -->
  <testcase classname="tests.MasterProductVariantTest" name="testStatusButtonFunctionality" time="0.0">
    <ignored/>
  </testcase> <!-- testStatusButtonFunctionality -->
  <testcase classname="tests.MasterProductVariantTest" name="testFormValidationWithInvalidData" time="0.0">
    <ignored/>
  </testcase> <!-- testFormValidationWithInvalidData -->
  <testcase classname="tests.MasterProductVariantTest" name="testSearchFunctionality" time="0.0">
    <ignored/>
  </testcase> <!-- testSearchFunctionality -->
</testsuite> <!-- Smoke Tests -->
