<?xml version="1.0" encoding="UTF-8"?>
<!-- Generated by org.testng.reporters.JUnitReportReporter -->
<testsuite hostname="Akshay-Udhane" failures="1" tests="20" name="tests.WriteDataServiceTest" time="0.315" errors="0" timestamp="2025-10-03T15:21:41 IST" skipped="0">
  <testcase classname="tests.WriteDataServiceTest" name="testWriteNodeWithDifferentDataTypes" time="0.007"/>
  <testcase classname="tests.WriteDataServiceTest" name="testWriteNodeErrorHandling" time="0.009">
    <failure message="Should return error status for invalid node ID expected [true] but found [false]" type="java.lang.AssertionError">
      <![CDATA[java.lang.AssertionError: Should return error status for invalid node ID expected [true] but found [false]
at org.testng.Assert.fail(Assert.java:111)
at org.testng.Assert.failNotEquals(Assert.java:1578)
at org.testng.Assert.assertTrue(Assert.java:57)
at tests.WriteDataServiceTest.testWriteNodeErrorHandling(WriteDataServiceTest.java:103)
at java.base/jdk.internal.reflect.NativeMethodAccessorImpl.invoke0(Native Method)
at java.base/jdk.internal.reflect.NativeMethodAccessorImpl.invoke(NativeMethodAccessorImpl.java:77)
at java.base/jdk.internal.reflect.DelegatingMethodAccessorImpl.invoke(DelegatingMethodAccessorImpl.java:43)
at java.base/java.lang.reflect.Method.invoke(Method.java:568)
at org.testng.internal.invokers.MethodInvocationHelper.invokeMethod(MethodInvocationHelper.java:139)
at org.testng.internal.invokers.TestInvoker.invokeMethod(TestInvoker.java:664)
at org.testng.internal.invokers.TestInvoker.invokeTestMethod(TestInvoker.java:228)
at org.testng.internal.invokers.MethodRunner.runInSequence(MethodRunner.java:63)
at org.testng.internal.invokers.TestInvoker$MethodInvocationAgent.invoke(TestInvoker.java:961)
at org.testng.internal.invokers.TestInvoker.invokeTestMethods(TestInvoker.java:201)
at org.testng.internal.invokers.TestMethodWorker.invokeTestMethods(TestMethodWorker.java:148)
at org.testng.internal.invokers.TestMethodWorker.run(TestMethodWorker.java:128)
at java.base/java.util.ArrayList.forEach(ArrayList.java:1511)
at org.testng.TestRunner.privateRun(TestRunner.java:819)
at org.testng.TestRunner.run(TestRunner.java:619)
at org.testng.SuiteRunner.runTest(SuiteRunner.java:443)
at org.testng.SuiteRunner$SuiteWorker.run(SuiteRunner.java:481)
at org.testng.internal.thread.ThreadUtil.lambda$execute$0(ThreadUtil.java:58)
at java.base/java.util.concurrent.FutureTask.run(FutureTask.java:264)
at java.base/java.util.concurrent.ThreadPoolExecutor.runWorker(ThreadPoolExecutor.java:1136)
at java.base/java.util.concurrent.ThreadPoolExecutor$Worker.run(ThreadPoolExecutor.java:635)
at java.base/java.lang.Thread.run(Thread.java:833)
]]>
    </failure>
  </testcase> <!-- testWriteNodeErrorHandling -->
  <testcase classname="tests.WriteDataServiceTest" name="testWriteNodeWithLargeData" time="0.004"/>
  <testcase classname="tests.WriteDataServiceTest" name="testWriteNodeWithDifferentDataTypes" time="0.004"/>
  <testcase classname="tests.WriteDataServiceTest" name="testConcurrentWriteOperations" time="0.152"/>
  <testcase classname="tests.WriteDataServiceTest" name="testWriteDataServiceHealth" time="0.006"/>
  <testcase classname="tests.WriteDataServiceTest" name="testWriteNodeWithDifferentDataTypes" time="0.006"/>
  <testcase classname="tests.WriteDataServiceTest" name="testWriteNodeWithDifferentDataTypes" time="0.007"/>
  <testcase classname="tests.WriteDataServiceTest" name="testWriteNodeWithInteger" time="0.005"/>
  <testcase classname="tests.WriteDataServiceTest" name="testWriteNodeWithDifferentDataTypes" time="0.005"/>
  <testcase classname="tests.WriteDataServiceTest" name="testWriteNodeWithDouble" time="0.008"/>
  <testcase classname="tests.WriteDataServiceTest" name="testWriteNodeWithNullValue" time="0.004"/>
  <testcase classname="tests.WriteDataServiceTest" name="testWriteNodeWithDifferentDataTypes" time="0.005"/>
  <testcase classname="tests.WriteDataServiceTest" name="testWriteNodeValidation" time="0.066"/>
  <testcase classname="tests.WriteDataServiceTest" name="testWriteNodeWithDifferentDataTypes" time="0.004"/>
  <testcase classname="tests.WriteDataServiceTest" name="testWriteNodePerformance" time="0.004"/>
  <testcase classname="tests.WriteDataServiceTest" name="testWriteNodeWithDifferentDataTypes" time="0.005"/>
  <testcase classname="tests.WriteDataServiceTest" name="testWriteNodeWithBoolean" time="0.005"/>
  <testcase classname="tests.WriteDataServiceTest" name="testWriteNodeWithDifferentDataTypes" time="0.004"/>
  <testcase classname="tests.WriteDataServiceTest" name="testWriteNodeWithString" time="0.005"/>
</testsuite> <!-- tests.WriteDataServiceTest -->
