<?xml version="1.0" encoding="UTF-8"?>
<testng-results ignored="21" total="40" passed="3" failed="1" skipped="15">
  <reporter-output>
  </reporter-output>
  <suite started-at="2025-10-10T11:47:36 IST" name="Selenium UI Automation Suite" finished-at="2025-10-10T11:58:14 IST" duration-ms="638155">
    <groups>
    </groups>
    <test started-at="2025-10-10T11:47:36 IST" name="Master Product Variant Tests" finished-at="2025-10-10T11:47:37 IST" duration-ms="403">
      <class name="tests.MasterProductVariantTest">
        <test-method is-config="true" signature="setUpClass()[pri:0, instance:tests.MasterProductVariantTest@6dfcffb5]" started-at="2025-10-10T11:47:36 IST" name="setUpClass" finished-at="2025-10-10T11:47:36 IST" duration-ms="1" status="FAIL">
          <exception class="java.lang.NullPointerException">
            <message>
              <![CDATA[Cannot invoke "config.ConfigManager.getProperty(String, String)" because "this.config" is null]]>
            </message>
            <full-stacktrace>
              <![CDATA[java.lang.NullPointerException: Cannot invoke "config.ConfigManager.getProperty(String, String)" because "this.config" is null
at tests.MasterProductVariantTest.setUpClass(MasterProductVariantTest.java:26)
at java.base/jdk.internal.reflect.NativeMethodAccessorImpl.invoke0(Native Method)
at java.base/jdk.internal.reflect.NativeMethodAccessorImpl.invoke(NativeMethodAccessorImpl.java:77)
at java.base/jdk.internal.reflect.DelegatingMethodAccessorImpl.invoke(DelegatingMethodAccessorImpl.java:43)
at java.base/java.lang.reflect.Method.invoke(Method.java:568)
at org.testng.internal.MethodInvocationHelper.invokeMethod(MethodInvocationHelper.java:133)
at org.testng.internal.MethodInvocationHelper.invokeMethodConsideringTimeout(MethodInvocationHelper.java:62)
at org.testng.internal.ConfigInvoker.invokeConfigurationMethod(ConfigInvoker.java:385)
at org.testng.internal.ConfigInvoker.invokeConfigurations(ConfigInvoker.java:321)
at org.testng.internal.TestMethodWorker.invokeBeforeClassMethods(TestMethodWorker.java:176)
at org.testng.internal.TestMethodWorker.run(TestMethodWorker.java:122)
at java.base/java.util.concurrent.ThreadPoolExecutor.runWorker(ThreadPoolExecutor.java:1136)
at java.base/java.util.concurrent.ThreadPoolExecutor$Worker.run(ThreadPoolExecutor.java:635)
at java.base/java.lang.Thread.run(Thread.java:833)
]]>
            </full-stacktrace>
          </exception> <!-- java.lang.NullPointerException -->
          <reporter-output>
          </reporter-output>
        </test-method> <!-- setUpClass -->
        <test-method is-config="true" signature="setUp()[pri:0, instance:tests.MasterProductVariantTest@6dfcffb5]" started-at="2025-10-10T11:47:36 IST" name="setUp" finished-at="1970-01-01T05:30:00 IST" duration-ms="-1760077056928" status="SKIP">
          <reporter-output>
          </reporter-output>
        </test-method> <!-- setUp -->
        <test-method is-config="true" signature="setUpTest()[pri:0, instance:tests.MasterProductVariantTest@6dfcffb5]" started-at="2025-10-10T11:47:36 IST" name="setUpTest" finished-at="1970-01-01T05:30:00 IST" duration-ms="-1760077056938" status="SKIP">
          <reporter-output>
          </reporter-output>
        </test-method> <!-- setUpTest -->
        <test-method signature="testNavigateToMasterProductVariantDetails()[pri:1, instance:tests.MasterProductVariantTest@6dfcffb5]" started-at="2025-10-10T11:47:36 IST" name="testNavigateToMasterProductVariantDetails" description="Verify navigation to Master Product Variant Details page" finished-at="2025-10-10T11:47:36 IST" duration-ms="0" status="SKIP">
          <exception class="java.lang.NullPointerException">
            <message>
              <![CDATA[Cannot invoke "config.ConfigManager.getProperty(String, String)" because "this.config" is null]]>
            </message>
            <full-stacktrace>
              <![CDATA[java.lang.NullPointerException: Cannot invoke "config.ConfigManager.getProperty(String, String)" because "this.config" is null
at tests.MasterProductVariantTest.setUpClass(MasterProductVariantTest.java:26)
at java.base/jdk.internal.reflect.NativeMethodAccessorImpl.invoke0(Native Method)
at java.base/jdk.internal.reflect.NativeMethodAccessorImpl.invoke(NativeMethodAccessorImpl.java:77)
at java.base/jdk.internal.reflect.DelegatingMethodAccessorImpl.invoke(DelegatingMethodAccessorImpl.java:43)
at java.base/java.lang.reflect.Method.invoke(Method.java:568)
at org.testng.internal.MethodInvocationHelper.invokeMethod(MethodInvocationHelper.java:133)
at org.testng.internal.MethodInvocationHelper.invokeMethodConsideringTimeout(MethodInvocationHelper.java:62)
at org.testng.internal.ConfigInvoker.invokeConfigurationMethod(ConfigInvoker.java:385)
at org.testng.internal.ConfigInvoker.invokeConfigurations(ConfigInvoker.java:321)
at org.testng.internal.TestMethodWorker.invokeBeforeClassMethods(TestMethodWorker.java:176)
at org.testng.internal.TestMethodWorker.run(TestMethodWorker.java:122)
at java.base/java.util.concurrent.ThreadPoolExecutor.runWorker(ThreadPoolExecutor.java:1136)
at java.base/java.util.concurrent.ThreadPoolExecutor$Worker.run(ThreadPoolExecutor.java:635)
at java.base/java.lang.Thread.run(Thread.java:833)
]]>
            </full-stacktrace>
          </exception> <!-- java.lang.NullPointerException -->
          <reporter-output>
          </reporter-output>
        </test-method> <!-- testNavigateToMasterProductVariantDetails -->
        <test-method is-config="true" signature="tearDownTest()[pri:0, instance:tests.MasterProductVariantTest@6dfcffb5]" started-at="2025-10-10T11:47:36 IST" name="tearDownTest" finished-at="1970-01-01T05:30:00 IST" duration-ms="-1760077056961" status="SKIP">
          <reporter-output>
          </reporter-output>
        </test-method> <!-- tearDownTest -->
        <test-method is-config="true" signature="tearDown()[pri:0, instance:tests.MasterProductVariantTest@6dfcffb5]" started-at="2025-10-10T11:47:36 IST" name="tearDown" finished-at="1970-01-01T05:30:00 IST" duration-ms="-1760077056964" status="SKIP">
          <reporter-output>
          </reporter-output>
        </test-method> <!-- tearDown -->
        <test-method is-config="true" signature="setUp()[pri:0, instance:tests.MasterProductVariantTest@6dfcffb5]" started-at="2025-10-10T11:47:36 IST" name="setUp" finished-at="1970-01-01T05:30:00 IST" duration-ms="-1760077056966" status="SKIP">
          <reporter-output>
          </reporter-output>
        </test-method> <!-- setUp -->
        <test-method is-config="true" signature="setUpTest()[pri:0, instance:tests.MasterProductVariantTest@6dfcffb5]" started-at="2025-10-10T11:47:36 IST" name="setUpTest" finished-at="1970-01-01T05:30:00 IST" duration-ms="-1760077056968" status="SKIP">
          <reporter-output>
          </reporter-output>
        </test-method> <!-- setUpTest -->
        <test-method signature="testCreateButtonFunctionality()[pri:2, instance:tests.MasterProductVariantTest@6dfcffb5]" started-at="2025-10-10T11:47:36 IST" name="testCreateButtonFunctionality" description="Verify Create button functionality" finished-at="2025-10-10T11:47:36 IST" duration-ms="0" status="SKIP">
          <exception class="java.lang.NullPointerException">
            <message>
              <![CDATA[Cannot invoke "config.ConfigManager.getProperty(String, String)" because "this.config" is null]]>
            </message>
            <full-stacktrace>
              <![CDATA[java.lang.NullPointerException: Cannot invoke "config.ConfigManager.getProperty(String, String)" because "this.config" is null
at tests.MasterProductVariantTest.setUpClass(MasterProductVariantTest.java:26)
at java.base/jdk.internal.reflect.NativeMethodAccessorImpl.invoke0(Native Method)
at java.base/jdk.internal.reflect.NativeMethodAccessorImpl.invoke(NativeMethodAccessorImpl.java:77)
at java.base/jdk.internal.reflect.DelegatingMethodAccessorImpl.invoke(DelegatingMethodAccessorImpl.java:43)
at java.base/java.lang.reflect.Method.invoke(Method.java:568)
at org.testng.internal.MethodInvocationHelper.invokeMethod(MethodInvocationHelper.java:133)
at org.testng.internal.MethodInvocationHelper.invokeMethodConsideringTimeout(MethodInvocationHelper.java:62)
at org.testng.internal.ConfigInvoker.invokeConfigurationMethod(ConfigInvoker.java:385)
at org.testng.internal.ConfigInvoker.invokeConfigurations(ConfigInvoker.java:321)
at org.testng.internal.TestMethodWorker.invokeBeforeClassMethods(TestMethodWorker.java:176)
at org.testng.internal.TestMethodWorker.run(TestMethodWorker.java:122)
at java.base/java.util.concurrent.ThreadPoolExecutor.runWorker(ThreadPoolExecutor.java:1136)
at java.base/java.util.concurrent.ThreadPoolExecutor$Worker.run(ThreadPoolExecutor.java:635)
at java.base/java.lang.Thread.run(Thread.java:833)
]]>
            </full-stacktrace>
          </exception> <!-- java.lang.NullPointerException -->
          <reporter-output>
          </reporter-output>
        </test-method> <!-- testCreateButtonFunctionality -->
        <test-method is-config="true" signature="tearDownTest()[pri:0, instance:tests.MasterProductVariantTest@6dfcffb5]" started-at="2025-10-10T11:47:36 IST" name="tearDownTest" finished-at="1970-01-01T05:30:00 IST" duration-ms="-1760077056971" status="SKIP">
          <reporter-output>
          </reporter-output>
        </test-method> <!-- tearDownTest -->
        <test-method is-config="true" signature="tearDown()[pri:0, instance:tests.MasterProductVariantTest@6dfcffb5]" started-at="2025-10-10T11:47:36 IST" name="tearDown" finished-at="1970-01-01T05:30:00 IST" duration-ms="-1760077056972" status="SKIP">
          <reporter-output>
          </reporter-output>
        </test-method> <!-- tearDown -->
        <test-method is-config="true" signature="setUp()[pri:0, instance:tests.MasterProductVariantTest@6dfcffb5]" started-at="2025-10-10T11:47:36 IST" name="setUp" finished-at="1970-01-01T05:30:00 IST" duration-ms="-1760077056974" status="SKIP">
          <reporter-output>
          </reporter-output>
        </test-method> <!-- setUp -->
        <test-method is-config="true" signature="setUpTest()[pri:0, instance:tests.MasterProductVariantTest@6dfcffb5]" started-at="2025-10-10T11:47:36 IST" name="setUpTest" finished-at="1970-01-01T05:30:00 IST" duration-ms="-1760077056975" status="SKIP">
          <reporter-output>
          </reporter-output>
        </test-method> <!-- setUpTest -->
        <test-method signature="testSuccessfulProductVariantCreation()[pri:3, instance:tests.MasterProductVariantTest@6dfcffb5]" started-at="2025-10-10T11:47:36 IST" name="testSuccessfulProductVariantCreation" description="Test successful product variant creation with valid data" finished-at="2025-10-10T11:47:36 IST" duration-ms="0" status="SKIP">
          <exception class="java.lang.NullPointerException">
            <message>
              <![CDATA[Cannot invoke "config.ConfigManager.getProperty(String, String)" because "this.config" is null]]>
            </message>
            <full-stacktrace>
              <![CDATA[java.lang.NullPointerException: Cannot invoke "config.ConfigManager.getProperty(String, String)" because "this.config" is null
at tests.MasterProductVariantTest.setUpClass(MasterProductVariantTest.java:26)
at java.base/jdk.internal.reflect.NativeMethodAccessorImpl.invoke0(Native Method)
at java.base/jdk.internal.reflect.NativeMethodAccessorImpl.invoke(NativeMethodAccessorImpl.java:77)
at java.base/jdk.internal.reflect.DelegatingMethodAccessorImpl.invoke(DelegatingMethodAccessorImpl.java:43)
at java.base/java.lang.reflect.Method.invoke(Method.java:568)
at org.testng.internal.MethodInvocationHelper.invokeMethod(MethodInvocationHelper.java:133)
at org.testng.internal.MethodInvocationHelper.invokeMethodConsideringTimeout(MethodInvocationHelper.java:62)
at org.testng.internal.ConfigInvoker.invokeConfigurationMethod(ConfigInvoker.java:385)
at org.testng.internal.ConfigInvoker.invokeConfigurations(ConfigInvoker.java:321)
at org.testng.internal.TestMethodWorker.invokeBeforeClassMethods(TestMethodWorker.java:176)
at org.testng.internal.TestMethodWorker.run(TestMethodWorker.java:122)
at java.base/java.util.concurrent.ThreadPoolExecutor.runWorker(ThreadPoolExecutor.java:1136)
at java.base/java.util.concurrent.ThreadPoolExecutor$Worker.run(ThreadPoolExecutor.java:635)
at java.base/java.lang.Thread.run(Thread.java:833)
]]>
            </full-stacktrace>
          </exception> <!-- java.lang.NullPointerException -->
          <reporter-output>
          </reporter-output>
        </test-method> <!-- testSuccessfulProductVariantCreation -->
        <test-method is-config="true" signature="tearDownTest()[pri:0, instance:tests.MasterProductVariantTest@6dfcffb5]" started-at="2025-10-10T11:47:36 IST" name="tearDownTest" finished-at="1970-01-01T05:30:00 IST" duration-ms="-1760077056979" status="SKIP">
          <reporter-output>
          </reporter-output>
        </test-method> <!-- tearDownTest -->
        <test-method is-config="true" signature="tearDown()[pri:0, instance:tests.MasterProductVariantTest@6dfcffb5]" started-at="2025-10-10T11:47:36 IST" name="tearDown" finished-at="1970-01-01T05:30:00 IST" duration-ms="-1760077056980" status="SKIP">
          <reporter-output>
          </reporter-output>
        </test-method> <!-- tearDown -->
        <test-method is-config="true" signature="setUp()[pri:0, instance:tests.MasterProductVariantTest@6dfcffb5]" started-at="2025-10-10T11:47:36 IST" name="setUp" finished-at="1970-01-01T05:30:00 IST" duration-ms="-1760077056981" status="SKIP">
          <reporter-output>
          </reporter-output>
        </test-method> <!-- setUp -->
        <test-method is-config="true" signature="setUpTest()[pri:0, instance:tests.MasterProductVariantTest@6dfcffb5]" started-at="2025-10-10T11:47:36 IST" name="setUpTest" finished-at="1970-01-01T05:30:00 IST" duration-ms="-1760077056982" status="SKIP">
          <reporter-output>
          </reporter-output>
        </test-method> <!-- setUpTest -->
        <test-method signature="testProductVariantCodeValidation()[pri:4, instance:tests.MasterProductVariantTest@6dfcffb5]" started-at="2025-10-10T11:47:36 IST" name="testProductVariantCodeValidation" description="Test form field validation - Product Variant Code" finished-at="2025-10-10T11:47:36 IST" duration-ms="0" status="SKIP">
          <exception class="java.lang.NullPointerException">
            <message>
              <![CDATA[Cannot invoke "config.ConfigManager.getProperty(String, String)" because "this.config" is null]]>
            </message>
            <full-stacktrace>
              <![CDATA[java.lang.NullPointerException: Cannot invoke "config.ConfigManager.getProperty(String, String)" because "this.config" is null
at tests.MasterProductVariantTest.setUpClass(MasterProductVariantTest.java:26)
at java.base/jdk.internal.reflect.NativeMethodAccessorImpl.invoke0(Native Method)
at java.base/jdk.internal.reflect.NativeMethodAccessorImpl.invoke(NativeMethodAccessorImpl.java:77)
at java.base/jdk.internal.reflect.DelegatingMethodAccessorImpl.invoke(DelegatingMethodAccessorImpl.java:43)
at java.base/java.lang.reflect.Method.invoke(Method.java:568)
at org.testng.internal.MethodInvocationHelper.invokeMethod(MethodInvocationHelper.java:133)
at org.testng.internal.MethodInvocationHelper.invokeMethodConsideringTimeout(MethodInvocationHelper.java:62)
at org.testng.internal.ConfigInvoker.invokeConfigurationMethod(ConfigInvoker.java:385)
at org.testng.internal.ConfigInvoker.invokeConfigurations(ConfigInvoker.java:321)
at org.testng.internal.TestMethodWorker.invokeBeforeClassMethods(TestMethodWorker.java:176)
at org.testng.internal.TestMethodWorker.run(TestMethodWorker.java:122)
at java.base/java.util.concurrent.ThreadPoolExecutor.runWorker(ThreadPoolExecutor.java:1136)
at java.base/java.util.concurrent.ThreadPoolExecutor$Worker.run(ThreadPoolExecutor.java:635)
at java.base/java.lang.Thread.run(Thread.java:833)
]]>
            </full-stacktrace>
          </exception> <!-- java.lang.NullPointerException -->
          <reporter-output>
          </reporter-output>
        </test-method> <!-- testProductVariantCodeValidation -->
        <test-method is-config="true" signature="tearDownTest()[pri:0, instance:tests.MasterProductVariantTest@6dfcffb5]" started-at="2025-10-10T11:47:36 IST" name="tearDownTest" finished-at="1970-01-01T05:30:00 IST" duration-ms="-1760077056985" status="SKIP">
          <reporter-output>
          </reporter-output>
        </test-method> <!-- tearDownTest -->
        <test-method is-config="true" signature="tearDown()[pri:0, instance:tests.MasterProductVariantTest@6dfcffb5]" started-at="2025-10-10T11:47:36 IST" name="tearDown" finished-at="1970-01-01T05:30:00 IST" duration-ms="-1760077056986" status="SKIP">
          <reporter-output>
          </reporter-output>
        </test-method> <!-- tearDown -->
        <test-method is-config="true" signature="setUp()[pri:0, instance:tests.MasterProductVariantTest@6dfcffb5]" started-at="2025-10-10T11:47:36 IST" name="setUp" finished-at="1970-01-01T05:30:00 IST" duration-ms="-1760077056999" status="SKIP">
          <reporter-output>
          </reporter-output>
        </test-method> <!-- setUp -->
        <test-method is-config="true" signature="setUpTest()[pri:0, instance:tests.MasterProductVariantTest@6dfcffb5]" started-at="2025-10-10T11:47:37 IST" name="setUpTest" finished-at="1970-01-01T05:30:00 IST" duration-ms="-1760077057001" status="SKIP">
          <reporter-output>
          </reporter-output>
        </test-method> <!-- setUpTest -->
        <test-method signature="testFormValidationWithInvalidData(java.lang.String,java.lang.String,java.lang.String,java.lang.String,java.lang.String)[pri:6, instance:tests.MasterProductVariantTest@6dfcffb5]" started-at="2025-10-10T11:47:37 IST" name="testFormValidationWithInvalidData" description="Test form validation with invalid data" data-provider="invalidProductData" finished-at="2025-10-10T11:47:37 IST" duration-ms="0" status="SKIP">
          <params>
            <param index="0">
              <value>
                <![CDATA[]]>
              </value>
            </param>
            <param index="1">
              <value>
                <![CDATA[HL ASSY RH MRE]]>
              </value>
            </param>
            <param index="2">
              <value>
                <![CDATA[NA]]>
              </value>
            </param>
            <param index="3">
              <value>
                <![CDATA[6]]>
              </value>
            </param>
            <param index="4">
              <value>
                <![CDATA[Empty product code]]>
              </value>
            </param>
          </params>
          <exception class="java.lang.NullPointerException">
            <message>
              <![CDATA[Cannot invoke "config.ConfigManager.getProperty(String, String)" because "this.config" is null]]>
            </message>
            <full-stacktrace>
              <![CDATA[java.lang.NullPointerException: Cannot invoke "config.ConfigManager.getProperty(String, String)" because "this.config" is null
at tests.MasterProductVariantTest.setUpClass(MasterProductVariantTest.java:26)
at java.base/jdk.internal.reflect.NativeMethodAccessorImpl.invoke0(Native Method)
at java.base/jdk.internal.reflect.NativeMethodAccessorImpl.invoke(NativeMethodAccessorImpl.java:77)
at java.base/jdk.internal.reflect.DelegatingMethodAccessorImpl.invoke(DelegatingMethodAccessorImpl.java:43)
at java.base/java.lang.reflect.Method.invoke(Method.java:568)
at org.testng.internal.MethodInvocationHelper.invokeMethod(MethodInvocationHelper.java:133)
at org.testng.internal.MethodInvocationHelper.invokeMethodConsideringTimeout(MethodInvocationHelper.java:62)
at org.testng.internal.ConfigInvoker.invokeConfigurationMethod(ConfigInvoker.java:385)
at org.testng.internal.ConfigInvoker.invokeConfigurations(ConfigInvoker.java:321)
at org.testng.internal.TestMethodWorker.invokeBeforeClassMethods(TestMethodWorker.java:176)
at org.testng.internal.TestMethodWorker.run(TestMethodWorker.java:122)
at java.base/java.util.concurrent.ThreadPoolExecutor.runWorker(ThreadPoolExecutor.java:1136)
at java.base/java.util.concurrent.ThreadPoolExecutor$Worker.run(ThreadPoolExecutor.java:635)
at java.base/java.lang.Thread.run(Thread.java:833)
]]>
            </full-stacktrace>
          </exception> <!-- java.lang.NullPointerException -->
          <reporter-output>
          </reporter-output>
        </test-method> <!-- testFormValidationWithInvalidData -->
        <test-method is-config="true" signature="tearDownTest()[pri:0, instance:tests.MasterProductVariantTest@6dfcffb5]" started-at="2025-10-10T11:47:37 IST" name="tearDownTest" finished-at="1970-01-01T05:30:00 IST" duration-ms="-1760077057006" status="SKIP">
          <reporter-output>
          </reporter-output>
        </test-method> <!-- tearDownTest -->
        <test-method is-config="true" signature="tearDown()[pri:0, instance:tests.MasterProductVariantTest@6dfcffb5]" started-at="2025-10-10T11:47:37 IST" name="tearDown" finished-at="1970-01-01T05:30:00 IST" duration-ms="-1760077057007" status="SKIP">
          <reporter-output>
          </reporter-output>
        </test-method> <!-- tearDown -->
        <test-method is-config="true" signature="setUp()[pri:0, instance:tests.MasterProductVariantTest@6dfcffb5]" started-at="2025-10-10T11:47:37 IST" name="setUp" finished-at="1970-01-01T05:30:00 IST" duration-ms="-1760077057008" status="SKIP">
          <reporter-output>
          </reporter-output>
        </test-method> <!-- setUp -->
        <test-method is-config="true" signature="setUpTest()[pri:0, instance:tests.MasterProductVariantTest@6dfcffb5]" started-at="2025-10-10T11:47:37 IST" name="setUpTest" finished-at="1970-01-01T05:30:00 IST" duration-ms="-1760077057009" status="SKIP">
          <reporter-output>
          </reporter-output>
        </test-method> <!-- setUpTest -->
        <test-method signature="testFormValidationWithInvalidData(java.lang.String,java.lang.String,java.lang.String,java.lang.String,java.lang.String)[pri:6, instance:tests.MasterProductVariantTest@6dfcffb5]" started-at="2025-10-10T11:47:37 IST" name="testFormValidationWithInvalidData" description="Test form validation with invalid data" data-provider="invalidProductData" finished-at="2025-10-10T11:47:37 IST" duration-ms="0" status="SKIP">
          <params>
            <param index="0">
              <value>
                <![CDATA[6100100]]>
              </value>
            </param>
            <param index="1">
              <value>
                <![CDATA[]]>
              </value>
            </param>
            <param index="2">
              <value>
                <![CDATA[NA]]>
              </value>
            </param>
            <param index="3">
              <value>
                <![CDATA[6]]>
              </value>
            </param>
            <param index="4">
              <value>
                <![CDATA[Empty product name]]>
              </value>
            </param>
          </params>
          <exception class="java.lang.NullPointerException">
            <message>
              <![CDATA[Cannot invoke "config.ConfigManager.getProperty(String, String)" because "this.config" is null]]>
            </message>
            <full-stacktrace>
              <![CDATA[java.lang.NullPointerException: Cannot invoke "config.ConfigManager.getProperty(String, String)" because "this.config" is null
at tests.MasterProductVariantTest.setUpClass(MasterProductVariantTest.java:26)
at java.base/jdk.internal.reflect.NativeMethodAccessorImpl.invoke0(Native Method)
at java.base/jdk.internal.reflect.NativeMethodAccessorImpl.invoke(NativeMethodAccessorImpl.java:77)
at java.base/jdk.internal.reflect.DelegatingMethodAccessorImpl.invoke(DelegatingMethodAccessorImpl.java:43)
at java.base/java.lang.reflect.Method.invoke(Method.java:568)
at org.testng.internal.MethodInvocationHelper.invokeMethod(MethodInvocationHelper.java:133)
at org.testng.internal.MethodInvocationHelper.invokeMethodConsideringTimeout(MethodInvocationHelper.java:62)
at org.testng.internal.ConfigInvoker.invokeConfigurationMethod(ConfigInvoker.java:385)
at org.testng.internal.ConfigInvoker.invokeConfigurations(ConfigInvoker.java:321)
at org.testng.internal.TestMethodWorker.invokeBeforeClassMethods(TestMethodWorker.java:176)
at org.testng.internal.TestMethodWorker.run(TestMethodWorker.java:122)
at java.base/java.util.concurrent.ThreadPoolExecutor.runWorker(ThreadPoolExecutor.java:1136)
at java.base/java.util.concurrent.ThreadPoolExecutor$Worker.run(ThreadPoolExecutor.java:635)
at java.base/java.lang.Thread.run(Thread.java:833)
]]>
            </full-stacktrace>
          </exception> <!-- java.lang.NullPointerException -->
          <reporter-output>
          </reporter-output>
        </test-method> <!-- testFormValidationWithInvalidData -->
        <test-method is-config="true" signature="tearDownTest()[pri:0, instance:tests.MasterProductVariantTest@6dfcffb5]" started-at="2025-10-10T11:47:37 IST" name="tearDownTest" finished-at="1970-01-01T05:30:00 IST" duration-ms="-1760077057014" status="SKIP">
          <reporter-output>
          </reporter-output>
        </test-method> <!-- tearDownTest -->
        <test-method is-config="true" signature="tearDown()[pri:0, instance:tests.MasterProductVariantTest@6dfcffb5]" started-at="2025-10-10T11:47:37 IST" name="tearDown" finished-at="1970-01-01T05:30:00 IST" duration-ms="-1760077057015" status="SKIP">
          <reporter-output>
          </reporter-output>
        </test-method> <!-- tearDown -->
        <test-method is-config="true" signature="setUp()[pri:0, instance:tests.MasterProductVariantTest@6dfcffb5]" started-at="2025-10-10T11:47:37 IST" name="setUp" finished-at="1970-01-01T05:30:00 IST" duration-ms="-1760077057017" status="SKIP">
          <reporter-output>
          </reporter-output>
        </test-method> <!-- setUp -->
        <test-method is-config="true" signature="setUpTest()[pri:0, instance:tests.MasterProductVariantTest@6dfcffb5]" started-at="2025-10-10T11:47:37 IST" name="setUpTest" finished-at="1970-01-01T05:30:00 IST" duration-ms="-1760077057018" status="SKIP">
          <reporter-output>
          </reporter-output>
        </test-method> <!-- setUpTest -->
        <test-method signature="testFormValidationWithInvalidData(java.lang.String,java.lang.String,java.lang.String,java.lang.String,java.lang.String)[pri:6, instance:tests.MasterProductVariantTest@6dfcffb5]" started-at="2025-10-10T11:47:37 IST" name="testFormValidationWithInvalidData" description="Test form validation with invalid data" data-provider="invalidProductData" finished-at="2025-10-10T11:47:37 IST" duration-ms="0" status="SKIP">
          <params>
            <param index="0">
              <value>
                <![CDATA[6100100]]>
              </value>
            </param>
            <param index="1">
              <value>
                <![CDATA[HL ASSY RH MRE]]>
              </value>
            </param>
            <param index="2">
              <value>
                <![CDATA[]]>
              </value>
            </param>
            <param index="3">
              <value>
                <![CDATA[6]]>
              </value>
            </param>
            <param index="4">
              <value>
                <![CDATA[Empty trolley type]]>
              </value>
            </param>
          </params>
          <exception class="java.lang.NullPointerException">
            <message>
              <![CDATA[Cannot invoke "config.ConfigManager.getProperty(String, String)" because "this.config" is null]]>
            </message>
            <full-stacktrace>
              <![CDATA[java.lang.NullPointerException: Cannot invoke "config.ConfigManager.getProperty(String, String)" because "this.config" is null
at tests.MasterProductVariantTest.setUpClass(MasterProductVariantTest.java:26)
at java.base/jdk.internal.reflect.NativeMethodAccessorImpl.invoke0(Native Method)
at java.base/jdk.internal.reflect.NativeMethodAccessorImpl.invoke(NativeMethodAccessorImpl.java:77)
at java.base/jdk.internal.reflect.DelegatingMethodAccessorImpl.invoke(DelegatingMethodAccessorImpl.java:43)
at java.base/java.lang.reflect.Method.invoke(Method.java:568)
at org.testng.internal.MethodInvocationHelper.invokeMethod(MethodInvocationHelper.java:133)
at org.testng.internal.MethodInvocationHelper.invokeMethodConsideringTimeout(MethodInvocationHelper.java:62)
at org.testng.internal.ConfigInvoker.invokeConfigurationMethod(ConfigInvoker.java:385)
at org.testng.internal.ConfigInvoker.invokeConfigurations(ConfigInvoker.java:321)
at org.testng.internal.TestMethodWorker.invokeBeforeClassMethods(TestMethodWorker.java:176)
at org.testng.internal.TestMethodWorker.run(TestMethodWorker.java:122)
at java.base/java.util.concurrent.ThreadPoolExecutor.runWorker(ThreadPoolExecutor.java:1136)
at java.base/java.util.concurrent.ThreadPoolExecutor$Worker.run(ThreadPoolExecutor.java:635)
at java.base/java.lang.Thread.run(Thread.java:833)
]]>
            </full-stacktrace>
          </exception> <!-- java.lang.NullPointerException -->
          <reporter-output>
          </reporter-output>
        </test-method> <!-- testFormValidationWithInvalidData -->
        <test-method is-config="true" signature="tearDownTest()[pri:0, instance:tests.MasterProductVariantTest@6dfcffb5]" started-at="2025-10-10T11:47:37 IST" name="tearDownTest" finished-at="1970-01-01T05:30:00 IST" duration-ms="-1760077057021" status="SKIP">
          <reporter-output>
          </reporter-output>
        </test-method> <!-- tearDownTest -->
        <test-method is-config="true" signature="tearDown()[pri:0, instance:tests.MasterProductVariantTest@6dfcffb5]" started-at="2025-10-10T11:47:37 IST" name="tearDown" finished-at="1970-01-01T05:30:00 IST" duration-ms="-1760077057022" status="SKIP">
          <reporter-output>
          </reporter-output>
        </test-method> <!-- tearDown -->
        <test-method is-config="true" signature="setUp()[pri:0, instance:tests.MasterProductVariantTest@6dfcffb5]" started-at="2025-10-10T11:47:37 IST" name="setUp" finished-at="1970-01-01T05:30:00 IST" duration-ms="-1760077057023" status="SKIP">
          <reporter-output>
          </reporter-output>
        </test-method> <!-- setUp -->
        <test-method is-config="true" signature="setUpTest()[pri:0, instance:tests.MasterProductVariantTest@6dfcffb5]" started-at="2025-10-10T11:47:37 IST" name="setUpTest" finished-at="1970-01-01T05:30:00 IST" duration-ms="-1760077057024" status="SKIP">
          <reporter-output>
          </reporter-output>
        </test-method> <!-- setUpTest -->
        <test-method signature="testFormValidationWithInvalidData(java.lang.String,java.lang.String,java.lang.String,java.lang.String,java.lang.String)[pri:6, instance:tests.MasterProductVariantTest@6dfcffb5]" started-at="2025-10-10T11:47:37 IST" name="testFormValidationWithInvalidData" description="Test form validation with invalid data" data-provider="invalidProductData" finished-at="2025-10-10T11:47:37 IST" duration-ms="0" status="SKIP">
          <params>
            <param index="0">
              <value>
                <![CDATA[6100100]]>
              </value>
            </param>
            <param index="1">
              <value>
                <![CDATA[HL ASSY RH MRE]]>
              </value>
            </param>
            <param index="2">
              <value>
                <![CDATA[NA]]>
              </value>
            </param>
            <param index="3">
              <value>
                <![CDATA[]]>
              </value>
            </param>
            <param index="4">
              <value>
                <![CDATA[Empty storage capacity]]>
              </value>
            </param>
          </params>
          <exception class="java.lang.NullPointerException">
            <message>
              <![CDATA[Cannot invoke "config.ConfigManager.getProperty(String, String)" because "this.config" is null]]>
            </message>
            <full-stacktrace>
              <![CDATA[java.lang.NullPointerException: Cannot invoke "config.ConfigManager.getProperty(String, String)" because "this.config" is null
at tests.MasterProductVariantTest.setUpClass(MasterProductVariantTest.java:26)
at java.base/jdk.internal.reflect.NativeMethodAccessorImpl.invoke0(Native Method)
at java.base/jdk.internal.reflect.NativeMethodAccessorImpl.invoke(NativeMethodAccessorImpl.java:77)
at java.base/jdk.internal.reflect.DelegatingMethodAccessorImpl.invoke(DelegatingMethodAccessorImpl.java:43)
at java.base/java.lang.reflect.Method.invoke(Method.java:568)
at org.testng.internal.MethodInvocationHelper.invokeMethod(MethodInvocationHelper.java:133)
at org.testng.internal.MethodInvocationHelper.invokeMethodConsideringTimeout(MethodInvocationHelper.java:62)
at org.testng.internal.ConfigInvoker.invokeConfigurationMethod(ConfigInvoker.java:385)
at org.testng.internal.ConfigInvoker.invokeConfigurations(ConfigInvoker.java:321)
at org.testng.internal.TestMethodWorker.invokeBeforeClassMethods(TestMethodWorker.java:176)
at org.testng.internal.TestMethodWorker.run(TestMethodWorker.java:122)
at java.base/java.util.concurrent.ThreadPoolExecutor.runWorker(ThreadPoolExecutor.java:1136)
at java.base/java.util.concurrent.ThreadPoolExecutor$Worker.run(ThreadPoolExecutor.java:635)
at java.base/java.lang.Thread.run(Thread.java:833)
]]>
            </full-stacktrace>
          </exception> <!-- java.lang.NullPointerException -->
          <reporter-output>
          </reporter-output>
        </test-method> <!-- testFormValidationWithInvalidData -->
        <test-method is-config="true" signature="tearDownTest()[pri:0, instance:tests.MasterProductVariantTest@6dfcffb5]" started-at="2025-10-10T11:47:37 IST" name="tearDownTest" finished-at="1970-01-01T05:30:00 IST" duration-ms="-1760077057028" status="SKIP">
          <reporter-output>
          </reporter-output>
        </test-method> <!-- tearDownTest -->
        <test-method is-config="true" signature="tearDown()[pri:0, instance:tests.MasterProductVariantTest@6dfcffb5]" started-at="2025-10-10T11:47:37 IST" name="tearDown" finished-at="1970-01-01T05:30:00 IST" duration-ms="-1760077057030" status="SKIP">
          <reporter-output>
          </reporter-output>
        </test-method> <!-- tearDown -->
      </class> <!-- tests.MasterProductVariantTest -->
    </test> <!-- Master Product Variant Tests -->
    <test started-at="2025-10-10T11:47:37 IST" name="Smoke Tests" finished-at="2025-10-10T11:47:37 IST" duration-ms="30">
      <class name="tests.MasterProductVariantTest">
        <test-method is-config="true" signature="setUpClass()[pri:0, instance:tests.MasterProductVariantTest@7a904f32]" started-at="2025-10-10T11:47:37 IST" name="setUpClass" finished-at="2025-10-10T11:47:37 IST" duration-ms="0" status="FAIL">
          <exception class="java.lang.NullPointerException">
            <message>
              <![CDATA[Cannot invoke "config.ConfigManager.getProperty(String, String)" because "this.config" is null]]>
            </message>
            <full-stacktrace>
              <![CDATA[java.lang.NullPointerException: Cannot invoke "config.ConfigManager.getProperty(String, String)" because "this.config" is null
at tests.MasterProductVariantTest.setUpClass(MasterProductVariantTest.java:26)
at java.base/jdk.internal.reflect.NativeMethodAccessorImpl.invoke0(Native Method)
at java.base/jdk.internal.reflect.NativeMethodAccessorImpl.invoke(NativeMethodAccessorImpl.java:77)
at java.base/jdk.internal.reflect.DelegatingMethodAccessorImpl.invoke(DelegatingMethodAccessorImpl.java:43)
at java.base/java.lang.reflect.Method.invoke(Method.java:568)
at org.testng.internal.MethodInvocationHelper.invokeMethod(MethodInvocationHelper.java:133)
at org.testng.internal.MethodInvocationHelper.invokeMethodConsideringTimeout(MethodInvocationHelper.java:62)
at org.testng.internal.ConfigInvoker.invokeConfigurationMethod(ConfigInvoker.java:385)
at org.testng.internal.ConfigInvoker.invokeConfigurations(ConfigInvoker.java:321)
at org.testng.internal.TestMethodWorker.invokeBeforeClassMethods(TestMethodWorker.java:176)
at org.testng.internal.TestMethodWorker.run(TestMethodWorker.java:122)
at java.base/java.util.concurrent.ThreadPoolExecutor.runWorker(ThreadPoolExecutor.java:1136)
at java.base/java.util.concurrent.ThreadPoolExecutor$Worker.run(ThreadPoolExecutor.java:635)
at java.base/java.lang.Thread.run(Thread.java:833)
]]>
            </full-stacktrace>
          </exception> <!-- java.lang.NullPointerException -->
          <reporter-output>
          </reporter-output>
        </test-method> <!-- setUpClass -->
        <test-method is-config="true" signature="setUp()[pri:0, instance:tests.MasterProductVariantTest@7a904f32]" started-at="2025-10-10T11:47:37 IST" name="setUp" finished-at="1970-01-01T05:30:00 IST" duration-ms="-1760077057071" status="SKIP">
          <reporter-output>
          </reporter-output>
        </test-method> <!-- setUp -->
        <test-method is-config="true" signature="setUpTest()[pri:0, instance:tests.MasterProductVariantTest@7a904f32]" started-at="2025-10-10T11:47:37 IST" name="setUpTest" finished-at="1970-01-01T05:30:00 IST" duration-ms="-1760077057074" status="SKIP">
          <reporter-output>
          </reporter-output>
        </test-method> <!-- setUpTest -->
        <test-method signature="testNavigateToMasterProductVariantDetails()[pri:1, instance:tests.MasterProductVariantTest@7a904f32]" started-at="2025-10-10T11:47:37 IST" name="testNavigateToMasterProductVariantDetails" description="Verify navigation to Master Product Variant Details page" finished-at="2025-10-10T11:47:37 IST" duration-ms="0" status="SKIP">
          <exception class="java.lang.NullPointerException">
            <message>
              <![CDATA[Cannot invoke "config.ConfigManager.getProperty(String, String)" because "this.config" is null]]>
            </message>
            <full-stacktrace>
              <![CDATA[java.lang.NullPointerException: Cannot invoke "config.ConfigManager.getProperty(String, String)" because "this.config" is null
at tests.MasterProductVariantTest.setUpClass(MasterProductVariantTest.java:26)
at java.base/jdk.internal.reflect.NativeMethodAccessorImpl.invoke0(Native Method)
at java.base/jdk.internal.reflect.NativeMethodAccessorImpl.invoke(NativeMethodAccessorImpl.java:77)
at java.base/jdk.internal.reflect.DelegatingMethodAccessorImpl.invoke(DelegatingMethodAccessorImpl.java:43)
at java.base/java.lang.reflect.Method.invoke(Method.java:568)
at org.testng.internal.MethodInvocationHelper.invokeMethod(MethodInvocationHelper.java:133)
at org.testng.internal.MethodInvocationHelper.invokeMethodConsideringTimeout(MethodInvocationHelper.java:62)
at org.testng.internal.ConfigInvoker.invokeConfigurationMethod(ConfigInvoker.java:385)
at org.testng.internal.ConfigInvoker.invokeConfigurations(ConfigInvoker.java:321)
at org.testng.internal.TestMethodWorker.invokeBeforeClassMethods(TestMethodWorker.java:176)
at org.testng.internal.TestMethodWorker.run(TestMethodWorker.java:122)
at java.base/java.util.concurrent.ThreadPoolExecutor.runWorker(ThreadPoolExecutor.java:1136)
at java.base/java.util.concurrent.ThreadPoolExecutor$Worker.run(ThreadPoolExecutor.java:635)
at java.base/java.lang.Thread.run(Thread.java:833)
]]>
            </full-stacktrace>
          </exception> <!-- java.lang.NullPointerException -->
          <reporter-output>
          </reporter-output>
        </test-method> <!-- testNavigateToMasterProductVariantDetails -->
        <test-method is-config="true" signature="tearDownTest()[pri:0, instance:tests.MasterProductVariantTest@7a904f32]" started-at="2025-10-10T11:47:37 IST" name="tearDownTest" finished-at="1970-01-01T05:30:00 IST" duration-ms="-1760077057078" status="SKIP">
          <reporter-output>
          </reporter-output>
        </test-method> <!-- tearDownTest -->
        <test-method is-config="true" signature="tearDown()[pri:0, instance:tests.MasterProductVariantTest@7a904f32]" started-at="2025-10-10T11:47:37 IST" name="tearDown" finished-at="1970-01-01T05:30:00 IST" duration-ms="-1760077057079" status="SKIP">
          <reporter-output>
          </reporter-output>
        </test-method> <!-- tearDown -->
        <test-method is-config="true" signature="setUp()[pri:0, instance:tests.MasterProductVariantTest@7a904f32]" started-at="2025-10-10T11:47:37 IST" name="setUp" finished-at="1970-01-01T05:30:00 IST" duration-ms="-1760077057082" status="SKIP">
          <reporter-output>
          </reporter-output>
        </test-method> <!-- setUp -->
        <test-method is-config="true" signature="setUpTest()[pri:0, instance:tests.MasterProductVariantTest@7a904f32]" started-at="2025-10-10T11:47:37 IST" name="setUpTest" finished-at="1970-01-01T05:30:00 IST" duration-ms="-1760077057083" status="SKIP">
          <reporter-output>
          </reporter-output>
        </test-method> <!-- setUpTest -->
        <test-method signature="testCreateButtonFunctionality()[pri:2, instance:tests.MasterProductVariantTest@7a904f32]" started-at="2025-10-10T11:47:37 IST" name="testCreateButtonFunctionality" description="Verify Create button functionality" finished-at="2025-10-10T11:47:37 IST" duration-ms="0" status="SKIP">
          <exception class="java.lang.NullPointerException">
            <message>
              <![CDATA[Cannot invoke "config.ConfigManager.getProperty(String, String)" because "this.config" is null]]>
            </message>
            <full-stacktrace>
              <![CDATA[java.lang.NullPointerException: Cannot invoke "config.ConfigManager.getProperty(String, String)" because "this.config" is null
at tests.MasterProductVariantTest.setUpClass(MasterProductVariantTest.java:26)
at java.base/jdk.internal.reflect.NativeMethodAccessorImpl.invoke0(Native Method)
at java.base/jdk.internal.reflect.NativeMethodAccessorImpl.invoke(NativeMethodAccessorImpl.java:77)
at java.base/jdk.internal.reflect.DelegatingMethodAccessorImpl.invoke(DelegatingMethodAccessorImpl.java:43)
at java.base/java.lang.reflect.Method.invoke(Method.java:568)
at org.testng.internal.MethodInvocationHelper.invokeMethod(MethodInvocationHelper.java:133)
at org.testng.internal.MethodInvocationHelper.invokeMethodConsideringTimeout(MethodInvocationHelper.java:62)
at org.testng.internal.ConfigInvoker.invokeConfigurationMethod(ConfigInvoker.java:385)
at org.testng.internal.ConfigInvoker.invokeConfigurations(ConfigInvoker.java:321)
at org.testng.internal.TestMethodWorker.invokeBeforeClassMethods(TestMethodWorker.java:176)
at org.testng.internal.TestMethodWorker.run(TestMethodWorker.java:122)
at java.base/java.util.concurrent.ThreadPoolExecutor.runWorker(ThreadPoolExecutor.java:1136)
at java.base/java.util.concurrent.ThreadPoolExecutor$Worker.run(ThreadPoolExecutor.java:635)
at java.base/java.lang.Thread.run(Thread.java:833)
]]>
            </full-stacktrace>
          </exception> <!-- java.lang.NullPointerException -->
          <reporter-output>
          </reporter-output>
        </test-method> <!-- testCreateButtonFunctionality -->
        <test-method is-config="true" signature="tearDownTest()[pri:0, instance:tests.MasterProductVariantTest@7a904f32]" started-at="2025-10-10T11:47:37 IST" name="tearDownTest" finished-at="1970-01-01T05:30:00 IST" duration-ms="-1760077057086" status="SKIP">
          <reporter-output>
          </reporter-output>
        </test-method> <!-- tearDownTest -->
        <test-method is-config="true" signature="tearDown()[pri:0, instance:tests.MasterProductVariantTest@7a904f32]" started-at="2025-10-10T11:47:37 IST" name="tearDown" finished-at="1970-01-01T05:30:00 IST" duration-ms="-1760077057088" status="SKIP">
          <reporter-output>
          </reporter-output>
        </test-method> <!-- tearDown -->
        <test-method is-config="true" signature="setUp()[pri:0, instance:tests.MasterProductVariantTest@7a904f32]" started-at="2025-10-10T11:47:37 IST" name="setUp" finished-at="1970-01-01T05:30:00 IST" duration-ms="-1760077057089" status="SKIP">
          <reporter-output>
          </reporter-output>
        </test-method> <!-- setUp -->
        <test-method is-config="true" signature="setUpTest()[pri:0, instance:tests.MasterProductVariantTest@7a904f32]" started-at="2025-10-10T11:47:37 IST" name="setUpTest" finished-at="1970-01-01T05:30:00 IST" duration-ms="-1760077057090" status="SKIP">
          <reporter-output>
          </reporter-output>
        </test-method> <!-- setUpTest -->
        <test-method signature="testSuccessfulProductVariantCreation()[pri:3, instance:tests.MasterProductVariantTest@7a904f32]" started-at="2025-10-10T11:47:37 IST" name="testSuccessfulProductVariantCreation" description="Test successful product variant creation with valid data" finished-at="2025-10-10T11:47:37 IST" duration-ms="0" status="SKIP">
          <exception class="java.lang.NullPointerException">
            <message>
              <![CDATA[Cannot invoke "config.ConfigManager.getProperty(String, String)" because "this.config" is null]]>
            </message>
            <full-stacktrace>
              <![CDATA[java.lang.NullPointerException: Cannot invoke "config.ConfigManager.getProperty(String, String)" because "this.config" is null
at tests.MasterProductVariantTest.setUpClass(MasterProductVariantTest.java:26)
at java.base/jdk.internal.reflect.NativeMethodAccessorImpl.invoke0(Native Method)
at java.base/jdk.internal.reflect.NativeMethodAccessorImpl.invoke(NativeMethodAccessorImpl.java:77)
at java.base/jdk.internal.reflect.DelegatingMethodAccessorImpl.invoke(DelegatingMethodAccessorImpl.java:43)
at java.base/java.lang.reflect.Method.invoke(Method.java:568)
at org.testng.internal.MethodInvocationHelper.invokeMethod(MethodInvocationHelper.java:133)
at org.testng.internal.MethodInvocationHelper.invokeMethodConsideringTimeout(MethodInvocationHelper.java:62)
at org.testng.internal.ConfigInvoker.invokeConfigurationMethod(ConfigInvoker.java:385)
at org.testng.internal.ConfigInvoker.invokeConfigurations(ConfigInvoker.java:321)
at org.testng.internal.TestMethodWorker.invokeBeforeClassMethods(TestMethodWorker.java:176)
at org.testng.internal.TestMethodWorker.run(TestMethodWorker.java:122)
at java.base/java.util.concurrent.ThreadPoolExecutor.runWorker(ThreadPoolExecutor.java:1136)
at java.base/java.util.concurrent.ThreadPoolExecutor$Worker.run(ThreadPoolExecutor.java:635)
at java.base/java.lang.Thread.run(Thread.java:833)
]]>
            </full-stacktrace>
          </exception> <!-- java.lang.NullPointerException -->
          <reporter-output>
          </reporter-output>
        </test-method> <!-- testSuccessfulProductVariantCreation -->
        <test-method is-config="true" signature="tearDownTest()[pri:0, instance:tests.MasterProductVariantTest@7a904f32]" started-at="2025-10-10T11:47:37 IST" name="tearDownTest" finished-at="1970-01-01T05:30:00 IST" duration-ms="-1760077057094" status="SKIP">
          <reporter-output>
          </reporter-output>
        </test-method> <!-- tearDownTest -->
        <test-method is-config="true" signature="tearDown()[pri:0, instance:tests.MasterProductVariantTest@7a904f32]" started-at="2025-10-10T11:47:37 IST" name="tearDown" finished-at="1970-01-01T05:30:00 IST" duration-ms="-1760077057095" status="SKIP">
          <reporter-output>
          </reporter-output>
        </test-method> <!-- tearDown -->
      </class> <!-- tests.MasterProductVariantTest -->
    </test> <!-- Smoke Tests -->
    <test started-at="2025-10-10T11:47:37 IST" name="Regression Tests" finished-at="2025-10-10T11:47:37 IST" duration-ms="34">
      <class name="tests.MasterProductVariantTest">
        <test-method is-config="true" signature="setUpClass()[pri:0, instance:tests.MasterProductVariantTest@4339e0de]" started-at="2025-10-10T11:47:37 IST" name="setUpClass" finished-at="2025-10-10T11:47:37 IST" duration-ms="1" status="FAIL">
          <exception class="java.lang.NullPointerException">
            <message>
              <![CDATA[Cannot invoke "config.ConfigManager.getProperty(String, String)" because "this.config" is null]]>
            </message>
            <full-stacktrace>
              <![CDATA[java.lang.NullPointerException: Cannot invoke "config.ConfigManager.getProperty(String, String)" because "this.config" is null
at tests.MasterProductVariantTest.setUpClass(MasterProductVariantTest.java:26)
at java.base/jdk.internal.reflect.NativeMethodAccessorImpl.invoke0(Native Method)
at java.base/jdk.internal.reflect.NativeMethodAccessorImpl.invoke(NativeMethodAccessorImpl.java:77)
at java.base/jdk.internal.reflect.DelegatingMethodAccessorImpl.invoke(DelegatingMethodAccessorImpl.java:43)
at java.base/java.lang.reflect.Method.invoke(Method.java:568)
at org.testng.internal.MethodInvocationHelper.invokeMethod(MethodInvocationHelper.java:133)
at org.testng.internal.MethodInvocationHelper.invokeMethodConsideringTimeout(MethodInvocationHelper.java:62)
at org.testng.internal.ConfigInvoker.invokeConfigurationMethod(ConfigInvoker.java:385)
at org.testng.internal.ConfigInvoker.invokeConfigurations(ConfigInvoker.java:321)
at org.testng.internal.TestMethodWorker.invokeBeforeClassMethods(TestMethodWorker.java:176)
at org.testng.internal.TestMethodWorker.run(TestMethodWorker.java:122)
at java.base/java.util.concurrent.ThreadPoolExecutor.runWorker(ThreadPoolExecutor.java:1136)
at java.base/java.util.concurrent.ThreadPoolExecutor$Worker.run(ThreadPoolExecutor.java:635)
at java.base/java.lang.Thread.run(Thread.java:833)
]]>
            </full-stacktrace>
          </exception> <!-- java.lang.NullPointerException -->
          <reporter-output>
          </reporter-output>
        </test-method> <!-- setUpClass -->
        <test-method is-config="true" signature="setUp()[pri:0, instance:tests.MasterProductVariantTest@4339e0de]" started-at="2025-10-10T11:47:37 IST" name="setUp" finished-at="1970-01-01T05:30:00 IST" duration-ms="-1760077057107" status="SKIP">
          <reporter-output>
          </reporter-output>
        </test-method> <!-- setUp -->
        <test-method is-config="true" signature="setUpTest()[pri:0, instance:tests.MasterProductVariantTest@4339e0de]" started-at="2025-10-10T11:47:37 IST" name="setUpTest" finished-at="1970-01-01T05:30:00 IST" duration-ms="-1760077057108" status="SKIP">
          <reporter-output>
          </reporter-output>
        </test-method> <!-- setUpTest -->
        <test-method signature="testNavigateToMasterProductVariantDetails()[pri:1, instance:tests.MasterProductVariantTest@4339e0de]" started-at="2025-10-10T11:47:37 IST" name="testNavigateToMasterProductVariantDetails" description="Verify navigation to Master Product Variant Details page" finished-at="2025-10-10T11:47:37 IST" duration-ms="0" status="SKIP">
          <exception class="java.lang.NullPointerException">
            <message>
              <![CDATA[Cannot invoke "config.ConfigManager.getProperty(String, String)" because "this.config" is null]]>
            </message>
            <full-stacktrace>
              <![CDATA[java.lang.NullPointerException: Cannot invoke "config.ConfigManager.getProperty(String, String)" because "this.config" is null
at tests.MasterProductVariantTest.setUpClass(MasterProductVariantTest.java:26)
at java.base/jdk.internal.reflect.NativeMethodAccessorImpl.invoke0(Native Method)
at java.base/jdk.internal.reflect.NativeMethodAccessorImpl.invoke(NativeMethodAccessorImpl.java:77)
at java.base/jdk.internal.reflect.DelegatingMethodAccessorImpl.invoke(DelegatingMethodAccessorImpl.java:43)
at java.base/java.lang.reflect.Method.invoke(Method.java:568)
at org.testng.internal.MethodInvocationHelper.invokeMethod(MethodInvocationHelper.java:133)
at org.testng.internal.MethodInvocationHelper.invokeMethodConsideringTimeout(MethodInvocationHelper.java:62)
at org.testng.internal.ConfigInvoker.invokeConfigurationMethod(ConfigInvoker.java:385)
at org.testng.internal.ConfigInvoker.invokeConfigurations(ConfigInvoker.java:321)
at org.testng.internal.TestMethodWorker.invokeBeforeClassMethods(TestMethodWorker.java:176)
at org.testng.internal.TestMethodWorker.run(TestMethodWorker.java:122)
at java.base/java.util.concurrent.ThreadPoolExecutor.runWorker(ThreadPoolExecutor.java:1136)
at java.base/java.util.concurrent.ThreadPoolExecutor$Worker.run(ThreadPoolExecutor.java:635)
at java.base/java.lang.Thread.run(Thread.java:833)
]]>
            </full-stacktrace>
          </exception> <!-- java.lang.NullPointerException -->
          <reporter-output>
          </reporter-output>
        </test-method> <!-- testNavigateToMasterProductVariantDetails -->
        <test-method is-config="true" signature="tearDownTest()[pri:0, instance:tests.MasterProductVariantTest@4339e0de]" started-at="2025-10-10T11:47:37 IST" name="tearDownTest" finished-at="1970-01-01T05:30:00 IST" duration-ms="-1760077057112" status="SKIP">
          <reporter-output>
          </reporter-output>
        </test-method> <!-- tearDownTest -->
        <test-method is-config="true" signature="tearDown()[pri:0, instance:tests.MasterProductVariantTest@4339e0de]" started-at="2025-10-10T11:47:37 IST" name="tearDown" finished-at="1970-01-01T05:30:00 IST" duration-ms="-1760077057114" status="SKIP">
          <reporter-output>
          </reporter-output>
        </test-method> <!-- tearDown -->
        <test-method is-config="true" signature="setUp()[pri:0, instance:tests.MasterProductVariantTest@4339e0de]" started-at="2025-10-10T11:47:37 IST" name="setUp" finished-at="1970-01-01T05:30:00 IST" duration-ms="-1760077057115" status="SKIP">
          <reporter-output>
          </reporter-output>
        </test-method> <!-- setUp -->
        <test-method is-config="true" signature="setUpTest()[pri:0, instance:tests.MasterProductVariantTest@4339e0de]" started-at="2025-10-10T11:47:37 IST" name="setUpTest" finished-at="1970-01-01T05:30:00 IST" duration-ms="-1760077057116" status="SKIP">
          <reporter-output>
          </reporter-output>
        </test-method> <!-- setUpTest -->
        <test-method signature="testCreateButtonFunctionality()[pri:2, instance:tests.MasterProductVariantTest@4339e0de]" started-at="2025-10-10T11:47:37 IST" name="testCreateButtonFunctionality" description="Verify Create button functionality" finished-at="2025-10-10T11:47:37 IST" duration-ms="0" status="SKIP">
          <exception class="java.lang.NullPointerException">
            <message>
              <![CDATA[Cannot invoke "config.ConfigManager.getProperty(String, String)" because "this.config" is null]]>
            </message>
            <full-stacktrace>
              <![CDATA[java.lang.NullPointerException: Cannot invoke "config.ConfigManager.getProperty(String, String)" because "this.config" is null
at tests.MasterProductVariantTest.setUpClass(MasterProductVariantTest.java:26)
at java.base/jdk.internal.reflect.NativeMethodAccessorImpl.invoke0(Native Method)
at java.base/jdk.internal.reflect.NativeMethodAccessorImpl.invoke(NativeMethodAccessorImpl.java:77)
at java.base/jdk.internal.reflect.DelegatingMethodAccessorImpl.invoke(DelegatingMethodAccessorImpl.java:43)
at java.base/java.lang.reflect.Method.invoke(Method.java:568)
at org.testng.internal.MethodInvocationHelper.invokeMethod(MethodInvocationHelper.java:133)
at org.testng.internal.MethodInvocationHelper.invokeMethodConsideringTimeout(MethodInvocationHelper.java:62)
at org.testng.internal.ConfigInvoker.invokeConfigurationMethod(ConfigInvoker.java:385)
at org.testng.internal.ConfigInvoker.invokeConfigurations(ConfigInvoker.java:321)
at org.testng.internal.TestMethodWorker.invokeBeforeClassMethods(TestMethodWorker.java:176)
at org.testng.internal.TestMethodWorker.run(TestMethodWorker.java:122)
at java.base/java.util.concurrent.ThreadPoolExecutor.runWorker(ThreadPoolExecutor.java:1136)
at java.base/java.util.concurrent.ThreadPoolExecutor$Worker.run(ThreadPoolExecutor.java:635)
at java.base/java.lang.Thread.run(Thread.java:833)
]]>
            </full-stacktrace>
          </exception> <!-- java.lang.NullPointerException -->
          <reporter-output>
          </reporter-output>
        </test-method> <!-- testCreateButtonFunctionality -->
        <test-method is-config="true" signature="tearDownTest()[pri:0, instance:tests.MasterProductVariantTest@4339e0de]" started-at="2025-10-10T11:47:37 IST" name="tearDownTest" finished-at="1970-01-01T05:30:00 IST" duration-ms="-1760077057122" status="SKIP">
          <reporter-output>
          </reporter-output>
        </test-method> <!-- tearDownTest -->
        <test-method is-config="true" signature="setUp()[pri:0, instance:tests.MasterProductVariantTest@4339e0de]" started-at="2025-10-10T11:47:37 IST" name="setUp" finished-at="1970-01-01T05:30:00 IST" duration-ms="-1760077057123" status="SKIP">
          <reporter-output>
          </reporter-output>
        </test-method> <!-- setUp -->
        <test-method is-config="true" signature="tearDown()[pri:0, instance:tests.MasterProductVariantTest@4339e0de]" started-at="2025-10-10T11:47:37 IST" name="tearDown" finished-at="1970-01-01T05:30:00 IST" duration-ms="-1760077057123" status="SKIP">
          <reporter-output>
          </reporter-output>
        </test-method> <!-- tearDown -->
        <test-method signature="testSuccessfulProductVariantCreation()[pri:3, instance:tests.MasterProductVariantTest@4339e0de]" started-at="2025-10-10T11:47:37 IST" name="testSuccessfulProductVariantCreation" description="Test successful product variant creation with valid data" finished-at="2025-10-10T11:47:37 IST" duration-ms="0" status="SKIP">
          <exception class="java.lang.NullPointerException">
            <message>
              <![CDATA[Cannot invoke "config.ConfigManager.getProperty(String, String)" because "this.config" is null]]>
            </message>
            <full-stacktrace>
              <![CDATA[java.lang.NullPointerException: Cannot invoke "config.ConfigManager.getProperty(String, String)" because "this.config" is null
at tests.MasterProductVariantTest.setUpClass(MasterProductVariantTest.java:26)
at java.base/jdk.internal.reflect.NativeMethodAccessorImpl.invoke0(Native Method)
at java.base/jdk.internal.reflect.NativeMethodAccessorImpl.invoke(NativeMethodAccessorImpl.java:77)
at java.base/jdk.internal.reflect.DelegatingMethodAccessorImpl.invoke(DelegatingMethodAccessorImpl.java:43)
at java.base/java.lang.reflect.Method.invoke(Method.java:568)
at org.testng.internal.MethodInvocationHelper.invokeMethod(MethodInvocationHelper.java:133)
at org.testng.internal.MethodInvocationHelper.invokeMethodConsideringTimeout(MethodInvocationHelper.java:62)
at org.testng.internal.ConfigInvoker.invokeConfigurationMethod(ConfigInvoker.java:385)
at org.testng.internal.ConfigInvoker.invokeConfigurations(ConfigInvoker.java:321)
at org.testng.internal.TestMethodWorker.invokeBeforeClassMethods(TestMethodWorker.java:176)
at org.testng.internal.TestMethodWorker.run(TestMethodWorker.java:122)
at java.base/java.util.concurrent.ThreadPoolExecutor.runWorker(ThreadPoolExecutor.java:1136)
at java.base/java.util.concurrent.ThreadPoolExecutor$Worker.run(ThreadPoolExecutor.java:635)
at java.base/java.lang.Thread.run(Thread.java:833)
]]>
            </full-stacktrace>
          </exception> <!-- java.lang.NullPointerException -->
          <reporter-output>
          </reporter-output>
        </test-method> <!-- testSuccessfulProductVariantCreation -->
        <test-method is-config="true" signature="setUpTest()[pri:0, instance:tests.MasterProductVariantTest@4339e0de]" started-at="2025-10-10T11:47:37 IST" name="setUpTest" finished-at="1970-01-01T05:30:00 IST" duration-ms="-1760077057126" status="SKIP">
          <reporter-output>
          </reporter-output>
        </test-method> <!-- setUpTest -->
        <test-method is-config="true" signature="tearDownTest()[pri:0, instance:tests.MasterProductVariantTest@4339e0de]" started-at="2025-10-10T11:47:37 IST" name="tearDownTest" finished-at="1970-01-01T05:30:00 IST" duration-ms="-1760077057128" status="SKIP">
          <reporter-output>
          </reporter-output>
        </test-method> <!-- tearDownTest -->
        <test-method is-config="true" signature="tearDown()[pri:0, instance:tests.MasterProductVariantTest@4339e0de]" started-at="2025-10-10T11:47:37 IST" name="tearDown" finished-at="1970-01-01T05:30:00 IST" duration-ms="-1760077057129" status="SKIP">
          <reporter-output>
          </reporter-output>
        </test-method> <!-- tearDown -->
        <test-method is-config="true" signature="setUpTest()[pri:0, instance:tests.MasterProductVariantTest@4339e0de]" started-at="2025-10-10T11:47:37 IST" name="setUpTest" finished-at="1970-01-01T05:30:00 IST" duration-ms="-1760077057131" status="SKIP">
          <reporter-output>
          </reporter-output>
        </test-method> <!-- setUpTest -->
        <test-method is-config="true" signature="setUp()[pri:0, instance:tests.MasterProductVariantTest@4339e0de]" started-at="2025-10-10T11:47:37 IST" name="setUp" finished-at="1970-01-01T05:30:00 IST" duration-ms="-1760077057131" status="SKIP">
          <reporter-output>
          </reporter-output>
        </test-method> <!-- setUp -->
        <test-method signature="testProductVariantCodeValidation()[pri:4, instance:tests.MasterProductVariantTest@4339e0de]" started-at="2025-10-10T11:47:37 IST" name="testProductVariantCodeValidation" description="Test form field validation - Product Variant Code" finished-at="2025-10-10T11:47:37 IST" duration-ms="0" status="SKIP">
          <exception class="java.lang.NullPointerException">
            <message>
              <![CDATA[Cannot invoke "config.ConfigManager.getProperty(String, String)" because "this.config" is null]]>
            </message>
            <full-stacktrace>
              <![CDATA[java.lang.NullPointerException: Cannot invoke "config.ConfigManager.getProperty(String, String)" because "this.config" is null
at tests.MasterProductVariantTest.setUpClass(MasterProductVariantTest.java:26)
at java.base/jdk.internal.reflect.NativeMethodAccessorImpl.invoke0(Native Method)
at java.base/jdk.internal.reflect.NativeMethodAccessorImpl.invoke(NativeMethodAccessorImpl.java:77)
at java.base/jdk.internal.reflect.DelegatingMethodAccessorImpl.invoke(DelegatingMethodAccessorImpl.java:43)
at java.base/java.lang.reflect.Method.invoke(Method.java:568)
at org.testng.internal.MethodInvocationHelper.invokeMethod(MethodInvocationHelper.java:133)
at org.testng.internal.MethodInvocationHelper.invokeMethodConsideringTimeout(MethodInvocationHelper.java:62)
at org.testng.internal.ConfigInvoker.invokeConfigurationMethod(ConfigInvoker.java:385)
at org.testng.internal.ConfigInvoker.invokeConfigurations(ConfigInvoker.java:321)
at org.testng.internal.TestMethodWorker.invokeBeforeClassMethods(TestMethodWorker.java:176)
at org.testng.internal.TestMethodWorker.run(TestMethodWorker.java:122)
at java.base/java.util.concurrent.ThreadPoolExecutor.runWorker(ThreadPoolExecutor.java:1136)
at java.base/java.util.concurrent.ThreadPoolExecutor$Worker.run(ThreadPoolExecutor.java:635)
at java.base/java.lang.Thread.run(Thread.java:833)
]]>
            </full-stacktrace>
          </exception> <!-- java.lang.NullPointerException -->
          <reporter-output>
          </reporter-output>
        </test-method> <!-- testProductVariantCodeValidation -->
        <test-method is-config="true" signature="tearDownTest()[pri:0, instance:tests.MasterProductVariantTest@4339e0de]" started-at="2025-10-10T11:47:37 IST" name="tearDownTest" finished-at="1970-01-01T05:30:00 IST" duration-ms="-1760077057134" status="SKIP">
          <reporter-output>
          </reporter-output>
        </test-method> <!-- tearDownTest -->
        <test-method is-config="true" signature="tearDown()[pri:0, instance:tests.MasterProductVariantTest@4339e0de]" started-at="2025-10-10T11:47:37 IST" name="tearDown" finished-at="1970-01-01T05:30:00 IST" duration-ms="-1760077057135" status="SKIP">
          <reporter-output>
          </reporter-output>
        </test-method> <!-- tearDown -->
      </class> <!-- tests.MasterProductVariantTest -->
    </test> <!-- Regression Tests -->
    <test started-at="2025-10-10T11:47:37 IST" name="Comprehensive Master Navigation Tests" finished-at="2025-10-10T11:58:14 IST" duration-ms="637645">
      <class name="tests.ComprehensiveMasterNavigationTest">
        <test-method is-config="true" signature="setUpSuite()[pri:0, instance:tests.ComprehensiveMasterNavigationTest@c2e3264]" started-at="2025-10-10T11:47:36 IST" name="setUpSuite" finished-at="2025-10-10T11:47:36 IST" duration-ms="384" status="PASS">
          <reporter-output>
          </reporter-output>
        </test-method> <!-- setUpSuite -->
        <test-method is-config="true" signature="setUp()[pri:0, instance:tests.ComprehensiveMasterNavigationTest@c2e3264]" started-at="2025-10-10T11:47:37 IST" name="setUp" finished-at="2025-10-10T11:47:39 IST" duration-ms="2616" status="PASS">
          <reporter-output>
          </reporter-output>
        </test-method> <!-- setUp -->
        <test-method signature="testComprehensiveMasterNavigationAndAutomation()[pri:1, instance:tests.ComprehensiveMasterNavigationTest@c2e3264]" started-at="2025-10-10T11:47:39 IST" name="testComprehensiveMasterNavigationAndAutomation" description="Comprehensive Master Navigation and Product Variant Automation" finished-at="2025-10-10T11:50:27 IST" duration-ms="167822" status="PASS">
          <reporter-output>
          </reporter-output>
        </test-method> <!-- testComprehensiveMasterNavigationAndAutomation -->
        <test-method is-config="true" signature="tearDown()[pri:0, instance:tests.ComprehensiveMasterNavigationTest@c2e3264]" started-at="2025-10-10T11:50:27 IST" name="tearDown" finished-at="2025-10-10T11:50:27 IST" duration-ms="1" status="PASS">
          <reporter-output>
          </reporter-output>
        </test-method> <!-- tearDown -->
        <test-method is-config="true" signature="setUp()[pri:0, instance:tests.ComprehensiveMasterNavigationTest@c2e3264]" started-at="2025-10-10T11:50:27 IST" name="setUp" finished-at="2025-10-10T11:50:27 IST" duration-ms="1" status="PASS">
          <reporter-output>
          </reporter-output>
        </test-method> <!-- setUp -->
        <test-method signature="testQuickMasterPagesNavigation()[pri:2, instance:tests.ComprehensiveMasterNavigationTest@c2e3264]" started-at="2025-10-10T11:50:27 IST" name="testQuickMasterPagesNavigation" description="Quick Master Pages Navigation Test" finished-at="2025-10-10T11:50:32 IST" duration-ms="5333" status="PASS">
          <reporter-output>
          </reporter-output>
        </test-method> <!-- testQuickMasterPagesNavigation -->
        <test-method is-config="true" signature="tearDown()[pri:0, instance:tests.ComprehensiveMasterNavigationTest@c2e3264]" started-at="2025-10-10T11:50:32 IST" name="tearDown" finished-at="2025-10-10T11:50:32 IST" duration-ms="2" status="PASS">
          <reporter-output>
          </reporter-output>
        </test-method> <!-- tearDown -->
        <test-method is-config="true" signature="setUp()[pri:0, instance:tests.ComprehensiveMasterNavigationTest@c2e3264]" started-at="2025-10-10T11:50:32 IST" name="setUp" finished-at="2025-10-10T11:50:32 IST" duration-ms="0" status="PASS">
          <reporter-output>
          </reporter-output>
        </test-method> <!-- setUp -->
        <test-method signature="testStatusChangeModalFunctionality()[pri:3, instance:tests.ComprehensiveMasterNavigationTest@c2e3264]" started-at="2025-10-10T11:50:32 IST" name="testStatusChangeModalFunctionality" description="Test Status Change Modal Functionality" finished-at="2025-10-10T11:56:34 IST" duration-ms="361784" status="PASS">
          <reporter-output>
          </reporter-output>
        </test-method> <!-- testStatusChangeModalFunctionality -->
        <test-method is-config="true" signature="tearDown()[pri:0, instance:tests.ComprehensiveMasterNavigationTest@c2e3264]" started-at="2025-10-10T11:56:34 IST" name="tearDown" finished-at="2025-10-10T11:56:34 IST" duration-ms="1" status="PASS">
          <reporter-output>
          </reporter-output>
        </test-method> <!-- tearDown -->
        <test-method signature="testMasterShiftsDetailsAutomation()[pri:4, instance:tests.ComprehensiveMasterNavigationTest@c2e3264]" started-at="2025-10-10T11:56:34 IST" name="testMasterShiftsDetailsAutomation" description="Master Shifts Details Page Automation" finished-at="2025-10-10T11:58:11 IST" duration-ms="97080" status="FAIL">
          <exception class="java.lang.AssertionError">
            <message>
              <![CDATA[Failed to click Create button - tried multiple XPaths expected [true] but found [false]]]>
            </message>
            <full-stacktrace>
              <![CDATA[java.lang.AssertionError: Failed to click Create button - tried multiple XPaths expected [true] but found [false]
at org.testng.Assert.fail(Assert.java:99)
at org.testng.Assert.failNotEquals(Assert.java:1037)
at org.testng.Assert.assertTrue(Assert.java:45)
at tests.ComprehensiveMasterNavigationTest.testMasterShiftsDetailsAutomation(ComprehensiveMasterNavigationTest.java:685)
at java.base/jdk.internal.reflect.NativeMethodAccessorImpl.invoke0(Native Method)
at java.base/jdk.internal.reflect.NativeMethodAccessorImpl.invoke(NativeMethodAccessorImpl.java:77)
at java.base/jdk.internal.reflect.DelegatingMethodAccessorImpl.invoke(DelegatingMethodAccessorImpl.java:43)
at java.base/java.lang.reflect.Method.invoke(Method.java:568)
at org.testng.internal.MethodInvocationHelper.invokeMethod(MethodInvocationHelper.java:133)
at org.testng.internal.TestInvoker.invokeMethod(TestInvoker.java:598)
at org.testng.internal.TestInvoker.invokeTestMethod(TestInvoker.java:173)
at org.testng.internal.MethodRunner.runInSequence(MethodRunner.java:46)
at org.testng.internal.TestInvoker$MethodInvocationAgent.invoke(TestInvoker.java:824)
at org.testng.internal.TestInvoker.invokeTestMethods(TestInvoker.java:146)
at org.testng.internal.TestMethodWorker.invokeTestMethods(TestMethodWorker.java:146)
at org.testng.internal.TestMethodWorker.run(TestMethodWorker.java:128)
at java.base/java.util.concurrent.ThreadPoolExecutor.runWorker(ThreadPoolExecutor.java:1136)
at java.base/java.util.concurrent.ThreadPoolExecutor$Worker.run(ThreadPoolExecutor.java:635)
at java.base/java.lang.Thread.run(Thread.java:833)
]]>
            </full-stacktrace>
          </exception> <!-- java.lang.AssertionError -->
          <reporter-output>
          </reporter-output>
        </test-method> <!-- testMasterShiftsDetailsAutomation -->
        <test-method is-config="true" signature="setUp()[pri:0, instance:tests.ComprehensiveMasterNavigationTest@c2e3264]" started-at="2025-10-10T11:56:34 IST" name="setUp" finished-at="2025-10-10T11:56:34 IST" duration-ms="0" status="PASS">
          <reporter-output>
          </reporter-output>
        </test-method> <!-- setUp -->
        <test-method is-config="true" signature="tearDown()[pri:0, instance:tests.ComprehensiveMasterNavigationTest@c2e3264]" started-at="2025-10-10T11:58:14 IST" name="tearDown" finished-at="2025-10-10T11:58:14 IST" duration-ms="2" status="PASS">
          <reporter-output>
          </reporter-output>
        </test-method> <!-- tearDown -->
        <test-method is-config="true" signature="tearDownSuite()[pri:0, instance:tests.ComprehensiveMasterNavigationTest@c2e3264]" started-at="2025-10-10T11:58:14 IST" name="tearDownSuite" finished-at="2025-10-10T11:58:15 IST" duration-ms="441" status="PASS">
          <reporter-output>
          </reporter-output>
        </test-method> <!-- tearDownSuite -->
      </class> <!-- tests.ComprehensiveMasterNavigationTest -->
    </test> <!-- Comprehensive Master Navigation Tests -->
  </suite> <!-- Selenium UI Automation Suite -->
</testng-results>
